{"nonce": "eTHL5Y2t4M8gCy8Obz1lww==", "cipher": "gNWHnMndw/3p5+H65vbx0pCDWberrvM6zQkGUhWCkziw5aWw6f+qmcvdwdijpaHhotwRlYeO0VK4ZG82fPbqGorFk4PHz4a56amktdOHm8GQ7j+nq67zMcwWTQxcx9NnisWTg8fPhrnpqaS104ebwQ=="}
{"nonce": "/diC+3NYR/SbOq9xuqgcnQ==", "cipher": "gNWHnMndw/3p5+H65vbx0rH5CzAU0xr0I0UijWDjy6+17KWw6f+qmcvdwdijpaHhg6ZHEjjzOJxWKEvpCZeyjY/Mk4HHz4a56amktdOHm8GxlWkiFNMa/yJaadMppYTwj8yTgcfPhrnpqaS104ebwQ=="}
{"nonce": "NHJQiuXfRJ5NGDJXO2cdSQ==", "cipher": "gNWHnMndw/3p5+H65vbx0sNTv2yxMtpuls1FBAMViJi54aWw6f+qmcvdwdijpaHh8Qz3Tp0S+AbjoCxgamHxuoPBk4PHz4a56amktdOHm8HDPtl8sTLaZZfSDlpKU8HHg8GTg8fPhrnpqaS104ebwQ=="}
{"nonce": "RerAb06YJtiRtNM/+Jjhsg==", "cipher": "gNWHnMndw/3p5+H65vbx0p91mxVb40L/oeYyHvHgsWuy7KWw6f+qmcvdwdijpaHhrSrXN3fDYJfUi1t6mJTISYjMk4HHz4a56amktdOHm8GfGfkHW+NC9KD5eUC4pv80iMyTgcfPhrnpqaS104ebwQ=="}
{"nonce": "8TyF/TTfyQHDTsQ7U6xpBQ==", "cipher": "gNWHnMndw/3p5+H65vbx0rLAyrHFMrmJNVn+HxjnkIq246Ww6f+qmcvdwdijpaHhgJ+Ck+kSm+FANJd7cZPpqIzDk4LHz4a56amktdOHm8GyrayhxTK5gjRGtUFRodjVjMOTgsfPhrnpqaS104ebwQ=="}
{"nonce": "wkVnsLoXT2uslom2cSnd7w==", "cipher": "gNWHnMndw/3p5+H65vbx0n6ecuJmABgT7m+pfJKAuDK356Ww6f+qmcvdwdijpaHhTME+wEogOnubAsAY+/TBEI3Hk4HHz4a56amktdOHm8F+8hDwZgAYGO9w4iLbxvltjceTgcfPhrnpqaS104ebwQ=="}
{"nonce": "JgsWuYtJsCmUS8+N2pE6Fg==", "cipher": "gNWHnMndw/3p5+H65vbx0kcNLqAql+eD4Bg4sn2vQ0K056Ww6f+qmcvdwdijpaHhdVJmgga3xeuVdVHWFNs6YI7Hk4LHz4a56amktdOHm8FHYEiwKpfniOEHc+w06QgdjseTgsfPhrnpqaS104ebwQ=="}
{"nonce": "GvS9tgUoimFSzT9zdq/n9g==", "cipher": "gNWHnMndw/3p5+H65vbx0kjyxGOJz2mRUbkHDVElM3S27KWw6f+qmcvdwdijpaHheq2IQaXvS/kk1G5pOFFKVozMk4HHz4a56amktdOHm8FInqZxic9pmlCmTFMYY3MrjMyTgcfPhrnpqaS104ebwQ=="}
{"nonce": "Zw5eCewSrEqnfrslrmQPPQ==", "cipher": "gNWHnMndw/3p5+H65vbx0hdMPIzzQeBbLFUpmGHTDIGz7KWw6f+qmcvdwdijpaHhJRN0rt9hwjNZOED8CKd1o4nMk4LHz4a56amktdOHm8EXIVqc80HgUC1KYsYolUbeicyTgsfPhrnpqaS104ebwQ=="}
{"nonce": "E2b/Xjn0wkn0JIHg2eWWRA==", "cipher": "gNWHnMndw/3p5+H65vbx0gpWVFmG+Hua+Mau6b20adiy46Ww6f+qmcvdwdijpaHhOAkYe6rYWfKNq8eN1MAQ+ojDk4LHz4a56amktdOHm8EKOjZLhvh7kfnZ5bf08yCHiMOTgsfPhrnpqaS104ebwQ=="}
{"nonce": "e2TFmQNdegaMndODucbWDw==", "cipher": "gNWHnMndw/3p5+H65vbx0hDW2qgIklVJ5qg5Mad7fA214qWw6f+qmcvdwdijpaHhIomSiiSydyGTxVBVzg8FL4/Ck4LHz4a56amktdOHm8EQu7y4CJJVQue3cm/uPTFSj8KTgsfPhrnpqaS104ebwQ=="}
{"nonce": "pAI7guiEPKgHLloY+oH/Sg==", "cipher": "gNWHnMndw/3p5+H65vbx0udPZW7y5MTiBERc13SoOF+55aWw6f+qmcvdwdijpaHh1RApTN7E5opxKTWzHdxBfYPFk4LHz4a56amktdOHm8HnIwd88uTE6QVbF4k973AAg8WTgsfPhrnpqaS104ebwQ=="}
{"nonce": "zMTwVFbXKTPfPsHKDAlTkw==", "cipher": "gNWHnMndw/3p5+H65vbx0v3+l9tdMIEEMkC2Y8yEHSmw7aWw6f+qmcvdwdijpaHhz6Hf+XEQo2xHLd8HpfBkC4rNk4PHz4a56amktdOHm8H9k/HLXTCBDzNf/T2FwlF2is2Tg8fPhrnpqaS104ebwQ=="}
{"nonce": "cC8sbSK3XCqD2cTZMA4rpQ==", "cipher": "gNWHnMndw/3p5+H65vbx0tIEoJVAKNxCJbn3p8VJA6Wx4KWw6f+qmcvdwdijpaHh4Fvst2wI/ipQ1J7DrD16h4vAk4LHz4a56amktdOHm8HSaMKHQCjcSSSmvPmMDkj6i8CTgsfPhrnpqaS104ebwQ=="}
{"nonce": "bS1nDbfVTo8NIyluybmUxg==", "cipher": "gNWHnMndw/3p5+H65vbx0pWEco0lsFgrhgaESrWn43624qWw6f+qmcvdwdijpaHhp9s6rwmQekPza+0u3NOaXIzCk4LHz4a56amktdOHm8GV6RSdJbBYIIcZzxT84awhjMKTgsfPhrnpqaS104ebwQ=="}
{"nonce": "s33w2PUH+CQShHTGM8F0mA==", "cipher": "gNWHnMndw/3p5+H65vbx0iKQl/i1BPXBQe/RYAS51O217KWw6f+qmcvdwdijpaHhEM/b2pkk16k0grgEbc2tz4/Mk4HHz4a56amktdOHm8Ei/PXqtQT1ykDwmj5N/p6yj8yTgcfPhrnpqaS104ebwQ=="}
{"nonce": "4tdl+G/cUGT+oGUdJYv/qg==", "cipher": "gNWHnMndw/3p5+H65vbx0nY68vAT8t/ReuaRloEvOGG34qWw6f+qmcvdwdijpaHhRGW60j/S/bkPi/jy6FtBQ43Ck4PHz4a56amktdOHm8F2V5TgE/Lf2nv52sjIaXY+jcKTg8fPhrnpqaS104ebwQ=="}
{"nonce": "6DNuh1pu9st+nhchiR1aAg==", "cipher": "gNWHnMndw/3p5+H65vbx0vQDMC9eXnY6WmsOma6LXku25aWw6f+qmcvdwdijpaHhxlx8DXJ+VFIvBmf9x/8naYzFk4LHz4a56amktdOHm8H0b1I/Xl52MVt0RcfnzB8UjMWTgsfPhrnpqaS104ebwQ=="}
{"nonce": "dovZDp87EiWZpUQXcSwVWw==", "cipher": "gNWHnMndw/3p5+H65vbx0lMt3U0vC0+Bo6XbFJfMix2y56Ww6f+qmcvdwdijpaHhYXKVbwMrbenWyLJw/rjyP4jHk4LHz4a56amktdOHm8FTQLtdLwtPiqK6kErei8BCiMeTgsfPhrnpqaS104ebwQ=="}
{"nonce": "sFagJq6klCL86KihHMebwA==", "cipher": "gNWHnMndw/3p5+H65vbx0uJag0dj7O5A+vbtucw6IPi04KWw6f+qmcvdwdijpaHh0AXPZU/MzCiPm4TdpU5Z2o7Ak4LHz4a56amktdOHm8HiNuFUY+zuS/vppueFfWCnjsCTgsfPhrnpqaS104ebwQ=="}
{"nonce": "bmXiLEUCbA7ZTAwvdFFNug==", "cipher": "gNWHnMndw/3p5+H65vbx0lWWE8WZRdBLs9/FGtecmWey7aWw6f+qmcvdwdijpaHhZ8lb57Vl8iPGsqx+vujgRYjNk4LHz4a56amktdOHm8FV+3XVmUXQQLLAjkSe29M4iM2TgsfPhrnpqaS104ebwQ=="}
{"nonce": "qq4/XelXqBNnRodq8gsMTg==", "cipher": "gNWHnMndw/3p5+H65vbx0mRkZJmyEOEMHFosS3YLzVS556Ww6f+qmcvdwdijpaHhVjsou54ww2RpN0UvH3+0doPHk4HHz4a56amktdOHm8FkCAaJshDhBx1FZxU/S4QLg8eTgcfPhrnpqaS104ebwQ=="}
{"nonce": "pSCKtXs1UkWIXn4igT6eew==", "cipher": "gNWHnMndw/3p5+H65vbx0qfHCaMWiF+Z51xTWalHbBCw56Ww6f+qmcvdwdijpaHhlZhBgTqoffGSMTo9wDMVMorHk4LHz4a56amktdOHm8Gnqm+zFohfkuZDGAfgACFPiseTgsfPhrnpqaS104ebwQ=="}
{"nonce": "5S+755czqw8YBAOmXPdw/g==", "cipher": "gNWHnMndw/3p5+H65vbx0rcERTctCSELw8oJeN411XKy5aWw6f+qmcvdwdijpaHhhVsJFQEpA2O2p2Act0GsUIjFk4HHz4a56amktdOHm8G3aCckLQkhAMLVQiaXdZ0tiMWTgcfPhrnpqaS104ebwQ=="}
{"nonce": "mqekmTbfzZgvxjbULk+omA==", "cipher": "gNWHnMndw/3p5+H65vbx0mgmgqhFMrjuDnpF5EMU5uGy56Ww6f+qmcvdwdijpaHhWnnKimkSmoZ7FyyAKmCfw4jHk4PHz4a56amktdOHm8FoS+S4RTK45Q9lDroKU6q+iMeTg8fPhrnpqaS104ebwQ=="}
{"nonce": "wuhYBGgLFDmlmiEJGHSXIQ==", "cipher": "gNWHnMndw/3p5+H65vbx0n71vc/SB86GrGyHk87aKYG146Ww6f+qmcvdwdijpaHhTKrx7f4n7O7ZAe73p65Qo4/Dk4HHz4a56amktdOHm8F+md/f0gfOja1zzM2HmmLej8OTgcfPhrnpqaS104ebwQ=="}
{"nonce": "zQLZbBl6etYW4wF9gdfomA==", "cipher": "gNWHnMndw/3p5+H65vbx0r1P3dWOW1V9QDKOjqcz9eq17KWw6f+qmcvdwdijpaHhjxCV96J7dxU1X+fqzkeMyI/Mk4jHz4a56amktdOHm8G9IrvEjltVdkEtxdDudLq1j8yTiMfPhrnpqaS104ebwQ=="}
{"nonce": "wXyclm1AAcpA3uAzZzsvMQ==", "cipher": "gNWHnMndw/3p5+H65vbx0r7QjGuT1Yt61X3zHR8BBoO35aWw6f+qmcvdwdijpaHhjI/ASb/1qRKgEJp5dnV/oY3Fk4THz4a56amktdOHm8G+vO57k9WLcdRiuENWQUzcjcWThMfPhrnpqaS104ebwQ=="}
{"nonce": "2sMc0Sp9CA7NvoXv8gH3wg==", "cipher": "gNWHnMndw/3p5+H65vbx0ng/rLpCmslLtmWrKnqGOne246Ww6f+qmcvdwdijpaHhSmDkmG666yPDCMJOE/JDVYzDkoDHz4a56amktdOHm8F4UsqsQprJQLd64HQzwXQojMOSgMfPhrnpqaS104ebwQ=="}
{"nonce": "MATnmUbZwIhWiRt9To0c3w==", "cipher": "gNWHnMndw/3p5+H65vbx0sLOUqhZs/vqUKgAjlyswTiw5aWw6f+qmcvdwdijpaHh8JEeinWT2YIlxWnqNdi4GorFk4bHz4a56amktdOHm8HCojC4WbP74VG3S9AV7IxnisWThsfPhrnpqaS104ebwQ=="}
{"nonce": "su9RFtsCnHeAHfDpHLSc1Q==", "cipher": "gNWHnMndw/3p5+H65vbx0mI0/0s+Rewa5Yjzq8ni7bi556Ww6f+qmcvdwdijpaHhUGu3aRJlznKQ5ZrPoJaUmoPHk4fHz4a56amktdOHm8FiWZlcPkXsEeSXuPWApazng8eTh8fPhrnpqaS104ebwQ=="}
{"nonce": "0nhogpgqiwwbhvhmzKoZrA==", "cipher": "gNWHnMndw/3p5+H65vbx0nrRsW7uTynEA27ySPpsiOG04aWw6f+qmcvdwdijpaHhSI79TMJvC6x2A5sskxjxw47Bk4fHz4a56amktdOHm8F6vdN/7k8pzwJxuRazLMS+jsGTh8fPhrnpqaS104ebwQ=="}
{"nonce": "tLYZAFmgo4WSHiAND1xveA==", "cipher": "gNWHnMndw/3p5+H65vbx0uNi7c6e7SOmYUjDkg7ZF9G04aWw6f+qmcvdwdijpaHh0T2l7LLNAc4UJar2Z61u847Bk4XHz4a56amktdOHm8HjD4vanu0jrWBXiMxHnleOjsGThcfPhrnpqaS104ebwQ=="}
{"nonce": "tkWBJMAW99azQXhTj/pEwQ==", "cipher": "gNWHnMndw/3p5+H65vbx0mOey8f4QDZyKZ/WBS5y2b2z4aWw6f+qmcvdwdijpaHhUcGH5dRgFBpc8r9hRwagn4nBk4fHz4a56amktdOHm8Fj8qnW+EA2eSiAnVtnMpbiicGTh8fPhrnpqaS104ebwQ=="}
{"nonce": "kpm77klhhnipaTE0Nm+MGQ==", "cipher": "gNWHnMndw/3p5+H65vbx0mqpRXWanWrZr5WL3EEW7IGw46Ww6f+qmcvdwdijpaHhWPYNV7a9SLHa+OK4KGKVo4rDk4THz4a56amktdOHm8FqxCNhmp1q0q6KwIIIVqXeisOThMfPhrnpqaS104ebwQ=="}
{"nonce": "dFHsgJeYSnpGoJXmyDQCYg==", "cipher": "gNWHnMndw/3p5+H65vbx0tObkO4t41lZVOaraP7ET1C256Ww6f+qmcvdwdijpaHh4cTczAHDezEhi8IMl7A2cozHk4nHz4a56amktdOHm8HT9/L4LeNZUlX54Da3hAEPjMeTicfPhrnpqaS104ebwQ=="}
{"nonce": "FHdD/pfablcEdtfLL0YuxA==", "cipher": "gNWHnMndw/3p5+H65vbx0ssSe3Etc1ASxFM4IwBeTfm34qWw6f+qmcvdwdijpaHh+U0zUwFTcnqxPlFHaSo0243Ck4PHz4a56amktdOHm8HLfx1lLXNQGcVMc31JHgWmjcKTg8fPhrnpqaS104ebwQ=="}
{"nonce": "ze+hlocSTTTs4PU6DHkQrQ==", "cipher": "gNWHnMndw/3p5+H65vbx0r00w2spQZjK/va3X8iXzKK056Ww6f+qmcvdwdijpaHhj2uPSQVhuqKLm947oeO1gI7HkoPHz4a56amktdOHm8G9WKF8KUGYwf/p/AGB1439jseSg8fPhrnpqaS104ebwQ=="}
{"nonce": "TDuFJhYxnCI1xFpOeIny0w==", "cipher": "gNWHnMndw/3p5+H65vbx0t0BykdNiexPiP9fQtSvezi346Ww6f+qmcvdwdijpaHh716CZWGpzif9kjYmvdsCGo3Dk4PHz4a56amktdOHm8HdbKxTTYnsRIngFByd7zBnjcOTg8fPhrnpqaS104ebwQ=="}
{"nonce": "l05zUIWgTFJTZLStAPsVNw==", "cipher": "gNWHnMndw/3p5+H65vbx0itcd9qp7dhTEdTiuskyiwC27aWw6f+qmcvdwdijpaHhGQM/+IXN+jtkuYveoEbyIozNk4LHz4a56amktdOHm8ErMRHOqe3YWBDLqeSAcsFfjM2TgsfPhrnpqaS104ebwQ=="}
{"nonce": "es3Wsl83jnx6SlgSMyOhWw==", "cipher": "gNWHnMndw/3p5+H65vbx0lC8HmIfCGjYW1/bVQIPoBy07KWw6f+qmcvdwdijpaHhYuNSQDMoSrAuMrIxa3vZPo7MkoTHz4a56amktdOHm8FQ0Hx3Hwho01pAkAtLT+BDjsyShMfPhrnpqaS104ebwQ=="}
{"nonce": "lAlaUEujqEADWtpnogPV6Q==", "cipher": "gNWHnMndw/3p5+H65vbx0uuNPdoaLeHXBVt6CGEHsrG246Ww6f+qmcvdwdijpaHh2dJx+DYNw79wNhNsCHPLk4zDkoPHz4a56amktdOHm8Hr5l/IGi3h3AREMVYoRvvujMOSg8fPhrnpqaS104ebwQ=="}
{"nonce": "JHbq7uP/eDMyoA2apHikTw==", "cipher": "gNWHnMndw/3p5+H65vbx0sdSEXUwOtULSeWJd+TT4Rqx7aWw6f+qmcvdwdijpaHh9Q1ZVxwa92M8iOATjaeYOIvNk4LHz4a56amktdOHm8HHP3dhMDrVAEj6wimtk6xFi82TgsfPhrnpqaS104ebwQ=="}
{"nonce": "Y2Sy7WHzRdE7FrkTajtj2A==", "cipher": "gNWHnMndw/3p5+H65vbx0hbWB7WQOZqzC0imFV0BFPuw5aWw6f+qmcvdwdijpaHhJIlLl7wZuNt+Jc9xNHVt2YrFkoPHz4a56amktdOHm8EWvWWlkDmauApX7UsUQFykisWSg8fPhrnpqaS104ebwQ=="}
{"nonce": "+CUs1cOmQNv7J7Ishb2mwg==", "cipher": "gNWHnMndw/3p5+H65vbx0vCGoLs4bNsxOwRr2qejYH+24qWw6f+qmcvdwdijpaHhwtnomRRM+VlOaQK+ztcZXYzCk4LHz4a56amktdOHm8Hw68avOGzbOjobIITu4ywgjMKTgsfPhrnpqaS104ebwQ=="}
{"nonce": "PHLOQfDTzS47b1rMo6GbQQ==", "cipher": "gNWHnMndw/3p5+H65vbx0sFTGJ70MbhMCxdY4i6lKZ614aWw6f+qmcvdwdijpaHh8wxUvNgRmiR+ejGGR9FQvI/BkoPHz4a56amktdOHm8HBOHqJ9DG4RwoIE7xn5GLBj8GSg8fPhrnpqaS104ebwQ=="}
{"nonce": "TOgYt8ZeffDsVOVZK6b4BA==", "cipher": "gNWHnMndw/3p5+H65vbx0t31rSN5UpT7/tm1hwVi8c614aWw6f+qmcvdwdijpaHh76rlAVVytpOLtNzjbBaI7I/Bk4LHz4a56amktdOHm8HdmMs3eVKU8P/G/tlMIr6Rj8GTgsfPhrnpqaS104ebwQ=="}
{"nonce": "Lk6otssLvnwG+ME8GMuMhw==", "cipher": "gNWHnMndw/3p5+H65vbx0kVcgWM6B2TYRPK53s807Ca54qWw6f+qmcvdwdijpaHhdwPNQRYnRrAxn9C6pkCVBIPCkoLHz4a56amktdOHm8FFN+N2Ogdk00Xt8oCGdaZ5g8KSgsfPhrnpqaS104ebwQ=="}
{"nonce": "exH4/eCLCnbD1iSk2mYlkA==", "cipher": "gNWHnMndw/3p5+H65vbx0hCLlbHwJ0laNXnO+HtXhemy5KWw6f+qmcvdwdijpaHhItTdk9wHazJAFKecEiP8y4jEk4LHz4a56amktdOHm8EQ5vOl8CdJUTRmhaYyF8u2iMSTgsfPhrnpqaS104ebwQ=="}
{"nonce": "m9iLh6wXWb2cD0tLwbON1g==", "cipher": "gNWHnMndw/3p5+H65vbx0ij5SS/jAJ2o4ggdA74grnq54aWw6f+qmcvdwdijpaHhGqYFDc8gv8CXZXRn11TXWIPBkoLHz4a56amktdOHm8Eokys94wCdo+MXVl33YeMlg8GSgsfPhrnpqaS104ebwQ=="}
{"nonce": "eb2h9hUn1dq6nl3DcitXtw==", "cipher": "gNWHnMndw/3p5+H65vbx0pCgw3ONDL5xa2yaIVQEHiKw5KWw6f+qmcvdwdijpaHhov+LUaEsnBkeAfNFPXBnAIrEk4LHz4a56amktdOHm8GQzaVnjQy+empz0X8dRF99isSTgsfPhrnpqaS104ebwQ=="}
{"nonce": "CMULxI532p/a7JkwPjh8Uw==", "cipher": "gNWHnMndw/3p5+H65vbx0sy+af9rGH0gc/Ct3ULF2Bu45KWw6f+qmcvdwdijpaHh/uEl3Uc4X0gGncS5K7GhOYLEkoDHz4a56amktdOHm8HM1Avsaxh9K3Lv5oMLhJREgsSSgMfPhrnpqaS104ebwQ=="}
{"nonce": "wvRSb7tJktxvX6xD+jaBQw==", "cipher": "gNWHnMndw/3p5+H65vbx0n7yPxUml2/wHhzhAXVCqx2w7aWw6f+qmcvdwdijpaHhTK13Nwq3TZhrcYhlHDbSP4rNk4LHz4a56amktdOHm8F+n1kCJpdv+x8Dql88AutCis2TgsfPhrnpqaS104ebwQ=="}
{"nonce": "rYizzYp83vcBwQOnyHUKLg==", "cipher": "gNWHnMndw/3p5+H65vbx0qXtR71q2nw6hbsHOP6UT0255aWw6f+qmcvdwdijpaHhl7ILn0b6XlLw1m5cl+A2b4PFk4nHz4a56amktdOHm8GlhyWsatp8MYSkTGa31QASg8WTicfPhrnpqaS104ebwQ=="}
{"nonce": "nC5hclqJ0QHeOUzzLg7b7w==", "cipher": "gNWHnMndw/3p5+H65vbx0ulE81Jep7+HcoXVLUNPOjGx7KWw6f+qmcvdwdijpaHh2xu7cHKHne8H6LxJKjtDE4vMk4LHz4a56amktdOHm8HpKZVFXqe/jHOannMKDnNui8yTgsfPhrnpqaS104ebwQ=="}
{"nonce": "wi8JoXNZ/ON4Avs6X0l0jA==", "cipher": "gNWHnMndw/3p5+H65vbx0n4E6aYUk/Q/20oyXx6c1+q44qWw6f+qmcvdwdijpaHhTFuhhDiz1leuJ1s7d+iuyILCk4LHz4a56amktdOHm8F+aY+xFJP0NNpVeQFX3Z+1gsKTgsfPhrnpqaS104ebwQ=="}
{"nonce": "36qiq7umkebBY1wGdX7gHg==", "cipher": "gNWHnMndw/3p5+H65vbx0jllAyQmbK9+tRLcUJRZ9Ey05KWw6f+qmcvdwdijpaHhCzpPBgpMjRbAf7U0/S2Nbo7Ek4jHz4a56amktdOHm8E5D2EyJmyvdbQNlw7dGLoTjsSTiMfPhrnpqaS104ebwQ=="}
{"nonce": "cjTGVZEXtaG5Hp48WMEh1A==", "cipher": "gNWHnMndw/3p5+H65vbx0lLCGpusAKavq01u3ty3jv+45qWw6f+qmcvdwdijpaHhYJ1WuYAghMfeIAe6tcP33YLGk4fHz4a56amktdOHm8FSqHiPrACmpKpSJYCV9s+ggsaTh8fPhrnpqaS104ebwQ=="}
{"nonce": "znLGUKsVqsXVwTiiRLy+7g==", "cipher": "gNWHnMndw/3p5+H65vbx0n1TGtoigGG2sLrGedniZnK25KWw6f+qmcvdwdijpaHhTwxS+A6gQ97F168dsJYfUIzEk4LHz4a56amktdOHm8F9PnzNIoBhvbGljSeQoy0tjMSTgsfPhrnpqaS104ebwQ=="}
{"nonce": "iJ32vFm+V1MUBJFLInoxFg==", "cipher": "gNWHnMndw/3p5+H65vbx0uyoFuGeah4SwM6qA0ZYhU635aWw6f+qmcvdwdijpaHh3vdaw7JKPHq1o8NnLyz8bI3Fk4XHz4a56amktdOHm8HswnT1nmoeGcHR4V0PGcURjcWThcfPhrnpqaS104ebwQ=="}
{"nonce": "HAaFKzstOwYCb4f3s6K8lA==", "cipher": "gNWHnMndw/3p5+H65vbx0slOygQGjgVHRRQvLCtk5OO04aWw6f+qmcvdwdijpaHh+xGCJiquJy8weUZIQhCdwY7Bk4LHz4a56amktdOHm8HJI6wTBo4FTEQLZHJiJa68jsGTgsfPhrnpqaS104ebwQ=="}
{"nonce": "AZKMRfcO/OBPV8p7dCFaZw==", "cipher": "7HF7uaR4HtuHQR/diVEu9o5riJ86RvT1Fhp0D9aDXBXcSVmVhFp3v6V7P//MAn7FvDTAvRZm1p1jdx1rv/clN+Zpb6eqalufhw9akrwgROWOBu6POkb0/hcFP1GfxVjmaW+nqmpbn4cPWpK8IETl"}
{"nonce": "rreOdlma0n4EkjrYlRkSjA==", "cipher": "7HF7uaR4HtuHQR/diVEu9mUiCFORY39SxGpH56yIT+/aQVmVhFp3v6V7P//MAn7FV31Ecb1DXTqxBy6Dxfw2zeBhb6Sqalufhw9akrwgROVlTmpAkWN/WcV1DLnlzUvgYW+kqmpbn4cPWpK8IETl"}
{"nonce": "1plnocqA2y2CswA0b6VkSw==", "cipher": "7HF7uaR4HtuHQR/diVEu9nupcqZ15T2HZSPG3BCg1RjaQFmVhFp3v6V7P//MAn7FSfY6hFnFH+8QTq+4edSsOuBgb6eqalufhw9akrwgROV7xBS2deU9jGQ8jYJZ59HgYG+nqmpbn4cPWpK8IETl"}
{"nonce": "WuFL3qq3rRuLFPT9c1BBSw==", "cipher": "7HF7uaR4HtuHQR/diVEu9li3eXltKKANJ8vyrhDSnx7aQ1mVhFp3v6V7P//MAn7FaugxW0EIgmVSppvKeabmPOBjb6eqalufhw9akrwgROVY2h9pbSigBibUufBZkpvgY2+nqmpbn4cPWpK8IETl"}
{"nonce": "p2JZQh/D5o+Ype4usaqHAA==", "cipher": "7HF7uaR4HtuHQR/diVEu9idX/V4ANXIp46Z9WqZlKMvbQ1mVhFp3v6V7P//MAn7FFQi1fCwVUEGWyxQ+zxFR6eFjb6Sqalufhw9akrwgROUnOptFADVyIuK5NgTvJCzhY2+kqmpbn4cPWpK8IETl"}
{"nonce": "3ga41nVqLjmTr39m7RS/Gg==", "cipher": "7HF7uaR4HtuHQR/diVEu9nlOhXuaX0CEISUXSLTLJE7bQVmVhFp3v6V7P//MAn7FSxHJWbZ/YuxUSH4s3b9dbOFhb6Sqalufhw9akrwgROV5Jeduml9AjyA6XBb9iyDhYW+kqmpbn4cPWpK8IETl"}
{"nonce": "x7mEv8BtdDSt+lF0lzXehQ==", "cipher": "7HF7uaR4HtuHQR/diVEu9j+hiiH3ntfBrnCZzCyLeqjaRFmVhFp3v6V7P//MAn7FDf7CA9u+9anbHfCoRf8DiuBkb6eqalufhw9akrwgROU/zOw1957Xyq9v0pJlzn7gZG+nqmpbn4cPWpK8IETl"}
{"nonce": "ROEQaibg46W/fBVRORwtPg==", "cipher": "7HF7uaR4HtuHQR/diVEu9t+3r1RO/TKlKtGJhYjLhUHURlmVhFp3v6V7P//MAn7F7ejjdmLdEM1fvODh4b/8Y+5mb6Sqalufhw9akrwgROXf2s1PTv0yrivOwtvBjoHuZm+kqmpbn4cPWpK8IETl"}
{"nonce": "LfLkII49wy8HLWl/6zGSfA==", "cipher": "7HF7uaR4HtuHQR/diVEu9oVzksZlij0NBIGWDjSDY9XUQFmVhFp3v6V7P//MAn7Ftyza5EmqH2Vx7P9qXfca9+5gb6Sqalufhw9akrwgROWFHvTRZYo9BgWe3VB9xmfuYG+kqmpbn4cPWpK8IETl"}
{"nonce": "7fR91as98PVVlN/NVAVEaw==", "cipher": "7HF7uaR4HtuHQR/diVEu9rXy9LssivCykOk6otuL3h3YRFmVhFp3v6V7P//MAn7Fh624mQCq0trlhFPGsv+nP+Jkb6Wqalufhw9akrwgROW1npapLIrwuZH2cfySztriZG+lqmpbn4cPWpK8IETl"}
{"nonce": "ovBltMVThtLfi6L8Q02iWQ==", "cipher": "7HF7uaR4HtuHQR/diVEu9mbz8uO3EW17Mihj7h2ZYZzaQlmVhFp3v6V7P//MAn7FVKy6wZsxTxNHRQqKdO0YvuBib6Sqalufhw9akrwgROVmnpTytxFtcDM3KLBU32XgYm+kqmpbn4cPWpK8IETl"}
{"nonce": "XnLy0hx9FTEDw5sR/WIHPw==", "cipher": "7HF7uaR4HtuHQR/diVEu9llTF3rBmo+HBT4plbdQCwbVQ1mVhFp3v6V7P//MAn7FawxfWO26re9wU0Dx3iRyJO9jb6Sqalufhw9akrwgROVZPnFswZqPjAQhYsv+FQ/vY2+kqmpbn4cPWpK8IETl"}
{"nonce": "ieadsez5ny+12TzVF1yxmw==", "cipher": "7HF7uaR4HtuHQR/diVEu9qx2zKH0uygHqLnJpAvfpyHZRVmVhFp3v6V7P//MAn7FnimEg9ibCm/d1KDAYqveA+Nlb6Wqalufhw9akrwgROWsG6q09LsoDKmmgvpCmqPjZW+lqmpbn4cPWpK8IETl"}
{"nonce": "MiOEmfsYPltxcaH6hIkzgg==", "cipher": "7HF7uaR4HtuHQR/diVEu9kIHiqsxw0AcmZCjb+yqBW3ZQlmVhFp3v6V7P//MAn7FcFjGiR3jYnTs/coLhd58T+NibKyqalufhw9akrwgROVCa+i4McNAF5iP6DGl6QHjYmysqmpbn4cPWpK8IETl"}
{"nonce": "WvFtE8V2YAkycdW5IYw4Bw==", "cipher": "7HF7uaR4HtuHQR/diVEu9liz8Am+WNeISZCyv4/oxQvZR1mVhFp3v6V7P//MAn7Fauy4K5J49eA8/dvb5py8KeNnb6Wqalufhw9akrwgROVY3pYdvljXg0iP+eHGrY5U42dvpapqW5+HD1qSvCBE5Q=="}
{"nonce": "2tE1Xjn71yleWbZnxLlKfA==", "cipher": "7HF7uaR4HtuHQR/diVEu9ni75lqBOzqAUpprCP+jWdPfQ1mVhFp3v6V7P//MAn7FSuSqeK0bGOgn9wJsltcg8eVjbKyqalufhw9akrwgROV414RJgTs6i1OFIFa2713lY2ysqmpbn4cPWpK8IETl"}
{"nonce": "fnZ6Whoiipox1WxDf458BA==", "cipher": "7HF7uaR4HtuHQR/diVEu9lFSNVtJTW1sib7WARBl1s3eQFmVhFp3v6V7P//MAn7FYw19eWVtTwT8079leRGv7+Rgb6Wqalufhw9akrwgROVRP1NPSU1tZ4ihnV9ZIJyS5GBvpapqW5+HD1qSvCBE5Q=="}
{"nonce": "38EnVPdf77QePZ7Ur5P9UQ==", "cipher": "7HF7uaR4HtuHQR/diVEu9jm/YtgyEjTnQoRq5CAitpzeSFmVhFp3v6V7P//MAn7FC+Au+h4yFo836QOASVbPvuRobKyqalufhw9akrwgROU50wDLMhI07EObIbppb7LkaGysqmpbn4cPWpK8IETl"}
{"nonce": "94OiaTj6Egmo1A6BfvHs7A==", "cipher": "7HF7uaR4HtuHQR/diVEu9jMvA5fBe0uI7/5KsVKz8/HZSFmVhFp3v6V7P//MAn7FAXBLte1baeCakyPVO8eK0+Nob6Wqalufhw9akrwgROUzQmWDwXtLg+7hAe8b9r6u42hvpapqW5+HD1qSvCBE5Q=="}
{"nonce": "SjvgHu54ZWLxybFruQiKQg==", "cipher": "7HF7uaR4HtuHQR/diVEu9lwBk0p025ZSubmrC6HIaVrURFmVhFp3v6V7P//MAn7Fbl7faFj7tDrM1MJvyLwQeO5kbKyqalufhw9akrwgROVcbfFZdNuWWbim4FXojSAF7mRsrKpqW5+HD1qSvCBE5Q=="}
{"nonce": "OSI/iTalrKSGQySLNPfdIw==", "cipher": "7HF7uaR4HtuHQR/diVEu9oBHZK9CrOTjZBrGM8A7sQbfSFmVhFp3v6V7P//MAn7FshgsjW6MxosRd69XqU/IJOVob6Wqalufhw9akrwgROWAKgK7Qqzk6GUFjW2Jfv1Z5WhvpapqW5+HD1qSvCBE5Q=="}
{"nonce": "a+iThRwHlhW8wWSSPiKZcQ==", "cipher": "7HF7uaR4HtuHQR/diVEu9hT1T6zIBGqP6rrWdUlErJrfQFmVhFp3v6V7P//MAn7FJqoDjuQkSOef178RIDDVuOVgbKyqalufhw9akrwgROUUmS2/yARqhOulnSsAAeTF5WBsrKpqW5+HD1qSvCBE5Q=="}
{"nonce": "cnE0jgnX4E9PFMGE3HsYmg==", "cipher": "7HF7uaR4HtuHQR/diVEu9lKTpm6NMPcZFs+78PwRwG7dR1mVhFp3v6V7P//MAn7FYMzuTKEQ1XFjotKUlWW5TOdnb6Wqalufhw9akrwgROVS/sB6jTD3EhfQ8K61VI8x52dvpapqW5+HD1qSvCBE5Q=="}
{"nonce": "44G9O4TBAcT51LyMPntXQA==", "cipher": "7HF7uaR4HtuHQR/diVEu9javxAPutY/7u//k8kgQGtnYRFmVhFp3v6V7P//MAn7FBPCIIcKVrZPOko2WIWRj++JkbKyqalufhw9akrwgROU2w6YQ7rWP8Lrgr6wBVVGG4mRsrKpqW5+HD1qSvCBE5Q=="}
{"nonce": "y20w44eT9QSD0khGBVrrMg==", "cipher": "7HF7uaR4HtuHQR/diVEu9jyUpzUuIbLLJX7VQIpRMEfZSVmVhFp3v6V7P//MAn7FDsvvFwIBkKNQE7wk4yVJZeNpb6Wqalufhw9akrwgROU8+cEhLiGywCRhnh7DFH4Y42lvpapqW5+HD1qSvCBE5Q=="}
{"nonce": "LfGcOD3RhOALf4ffa4qTnA==", "cipher": "7HF7uaR4HtuHQR/diVEu9oWzjMOAse7yBxUmJhxuKuDfSVmVhFp3v6V7P//MAn7Ft+zA4ayRzJpyeE9CdRpTwuVpbKyqalufhw9akrwgROWF3+7QgLHu+QYKbXhVK2C/5WlsrKpqW5+HD1qSvCBE5Q=="}
{"nonce": "s+wLT4wQ1yjtNclQKtMKUA==", "cipher": "7HF7uaR4HtuHQR/diVEu9iL0aR7swTrDvoK/xUAyStnVSVmVhFp3v6V7P//MAn7FEKshPMDhGKvL79ahKUYz++9pb6Wqalufhw9akrwgROUimQ8K7ME6yL+d9JsJdwuG72lvpapqW5+HD1qSvCBE5Q=="}
{"nonce": "Dd+kO+P/xCNICfv8T+vLFQ==", "cipher": "7HF7uaR4HtuHQR/diVEu9o04ggM3Ov4B140y7hwxP4LYSVmVhFp3v6V7P//MAn7Fv2fOIRsa3Gmi4FuKdUVGoOJpbKyqalufhw9akrwgROWNVOAQNzr+CtaSebBVdHLd4mlsrKpqW5+HD1qSvCBE5Q=="}
{"nonce": "9B5cf0X9wa7+G2CTELUT5w==", "cipher": "7HF7uaR4HtuHQR/diVEu9vNIvBKeur5negzXNcKnAzLUSFmVhFp3v6V7P//MAn7FwRfwMLKanA8PYb5Rq9N6EO5obKyqalufhw9akrwgROXzJN4Bnrq+bHsTnGuL4kgpk5NobKyqalufhw9akrwgROU="}
{"nonce": "rHfRui5Eri01VA7H+MSjYA==", "cipher": "7HF7uaR4HtuHQR/diVEu9uUS32NE1GWHiN9OIPX6I9/dRlmVhFp3v6V7P//MAn7F102XQWj0R+/9sidEnI5a/edmb6Wqalufhw9akrwgROXlf7l3RNRljInABX68v2nJmppmb6Wqalufhw9akrwgROU="}
{"nonce": "ixVsSIjgIOvaG9j8IUYGbw==", "cipher": "7HF7uaR4HtuHQR/diVEu9iyKsN/t/cY2cwz97o5dSRTYSFmVhFp3v6V7P//MAn7FHtX8/cHd5F4GYZSK5ykwNuJobKyqalufhw9akrwgROUs5tLM7f3GPXITtrDHGAMGn59obKyqalufhw9akrwgROU="}
{"nonce": "IJ74G9cMUleXQ537tloSLw==", "cipher": "7HF7uaR4HtuHQR/diVEu9sZolQs6xloZIBquL2ZQQg3aSFmVhFp3v6V7P//MAn7F9DfdKRbmeHFVd8dLDyQ7L+Bob6Wqalufhw9akrwgROXGBfMfOsZaEiEF5XEvFQganZ1ob6Wqalufhw9akrwgROU="}
{"nonce": "ZiM8I5jboq09vZIzs0lDoQ==", "cipher": "7HF7uaR4HtuHQR/diVEu9lcHpAXpM2aniqVjHSqVF6DdSVmVhFp3v6V7P//MAn7FZVjoJ8UTRM//yAp5Q+FugudpbKyqalufhw9akrwgROVXa8YW6TNmrIu6KENj0F2zmpppbKyqalufhw9akrwgROU="}
{"nonce": "Nr0A40RtFRvzqg9Bwy4B4w==", "cipher": "7HF7uaR4HtuHQR/diVEu9kOgqzXenosNOWUMgTpAizPZQFmVhFp3v6V7P//MAn7Fcf/jF/K+qWVMCGXlUzTyEeNgb6Wqalufhw9akrwgROVDzc0h3p6LBjh6R99zBcEnnp5gb6Wqalufhw9akrwgROU="}
{"nonce": "W5HQ7kSEzmJmVK3sq/Iqfg==", "cipher": "7HF7uaR4HtuHQR/diVEu9hirn3be5H1TXNqn6iV2TVjUQ1mVhFp3v6V7P//MAn7FKvTTVPLEXzspt86OTAI0eu5jbKyqalufhw9akrwgROUYx/1l3uR9WF3F7LRsMwdIk5NjbKyqalufhw9akrwgROU="}
{"nonce": "RsCq5NDqRIm/13BJ4vmoDg==", "cipher": "7HF7uaR4HtuHQR/diVEu9l//AfT7f9+pKjrXg3K55EXdRlmVhFp3v6V7P//MAn7FbaBJ1tdf/cFfV77nG82dZ+dmb6Wqalufhw9akrwgROVfkmfg+3/foislnN07/K5Qmppmb6Wqalufhw9akrwgROU="}
{"nonce": "OtlkPexIdvLit3P+sowVQw==", "cipher": "7HF7uaR4HtuHQR/diVEu9kC5soL011N3fSIUbmLtgxnaSFmVhFp3v6V7P//MAn7Fcub+oNj3cR8IT30KC5n6O+BobKyqalufhw9akrwgROVA1dCR9NdTfHw9XzArqMkInZ1obKyqalufhw9akrwgROU="}
{"nonce": "QjhULxxUPfRxxQDfPUQKvQ==", "cipher": "7HF7uaR4HtuHQR/diVEu9l7BvgbI0IH2mb7HJobaTKPURVmVhFp3v6V7P//MAn7FbJ72JOTwo57s065C7641ge5lb6Wqalufhw9akrwgROVerNgSyNCB/ZihjHjPnwa5k5Nlb6Wqalufhw9akrwgROU="}
{"nonce": "Fh+zmraa9baeDeykiBzLfg==", "cipher": "7HF7uaR4HtuHQR/diVEu9ksIR2tiY7NmYo31+OzPO1fZQVmVhFp3v6V7P//MAn7FeVcLSU5DkQ4X4JychbtCdeNhbKyqalufhw9akrwgROVLZCV4YmOzbWOSvqalinFBnp5hbKyqalufhw9akrwgROU="}
{"nonce": "4cyjCzAs55cVn3NntIjtyw==", "cipher": "7HF7uaR4HtuHQR/diVEu9rb8Qw/DzjcugCkRCOTksDjUQVmVhFp3v6V7P//MAn7FhKMLLe/uFUb1RHhsjZDJGu5hb6Wqalufhw9akrwgROW2kSUbw843JYE2Wlatofojk5Nhb6Wqalufhw9akrwgROU="}
{"nonce": "635K5xu4S8mbU4wx2JXjLg==", "cipher": "7HF7uaR4HtuHQR/diVEu9jRQOTQJ6xy5IxrpnfupP0DdQFmVhFp3v6V7P//MAn7FBg91FiXLPtFWd4D5kt1GYudgbKyqalufhw9akrwgROU0PFsnCescsiIFosOy7HVXmppgbKyqalufhw9akrwgROU="}
{"nonce": "Rmf9pL5u1bjLyOnYNTYHyA==", "cipher": "7HF7uaR4HtuHQR/diVEu9l8W1ORgXrvlN/yz54VBDPnUSVmVhFp3v6V7P//MAn7FbUmcxkx+mY1CkdqD7DV12+5pb6Wqalufhw9akrwgROVfe7LwYF677jbj+LnMBEHrk5Npb6Wqalufhw9akrwgROU="}
{"nonce": "tVV8N2eMXSE+P6liiTtGvQ==", "cipher": "7HF7uaR4HtuHQR/diVEu9qOatAAW5pmDSgGsSa4BWKfYQFmVhFp3v6V7P//MAn7FkcX4IjrGu+s/bMUtx3UhheJgbKyqalufhw9akrwgROWj9tYTFuaZiEse5xfnRBKzn59gbKyqalufhw9akrwgROU="}
{"nonce": "nAn9sk/u+g7QYf3njwsZjA==", "cipher": "7HF7uaR4HtuHQR/diVEu9umN1GEcfnBI8ZWwKCsFj+zeR1mVhFp3v6V7P//MAn7F29KcQzBeUiCE+NlMQnH2zuRnb6Wqalufhw9akrwgROXp4LJ1HH5wQ/CK+3ZiQML/mZlnb6Wqalufhw9akrwgROU="}
{"nonce": "Fj2pbhJPl7g0wdrOtDfRVw==", "cipher": "7HF7uaR4HtuHQR/diVEu9kuAwVZLFivlyL16YuEFsx/aRFmVhFp3v6V7P//MAn7Fed+NdGc2CY290BMGiHHKPeBkbKyqalufhw9akrwgROVL7KNFSxYr7smiMTyoQPkKnZ1kbKyqalufhw9akrwgROU="}
{"nonce": "UXqehr/Ks5+Bn2jn2qtKdg==", "cipher": "7HF7uaR4HtuHQR/diVEu9ppRDGwgdyIspSrRKHEnWVTbQ1mVhFp3v6V7P//MAn7FqA5ETgxXAETQR7hMGFMgduFjb6Wqalufhw9akrwgROWaPGp4IHciJ6Q1mnY4YhREnJxjb6Wqalufhw9akrwgROU="}
{"nonce": "qfBBLqExuFl5QnyPMCNSBg==", "cipher": "7HF7uaR4HtuHQR/diVEu9qTz+0anieCdm13XMscCW0rUQVmVhFp3v6V7P//MAn7Flqy3ZIupwvXuML5WrnYiaO5hbKyqalufhw9akrwgROWkn5lVp4nglppCnGyORxFQk5NhbKyqalufhw9akrwgROU="}
{"nonce": "ZG/9g8x0FieQFW03aNkucQ==", "cipher": "7HF7uaR4HtuHQR/diVEu9tcU1C382EsC4YicHN2+RZPURlmVhFp3v6V7P//MAn7F5UucD9D4aWqU5fV4tMo8se5mb6Wqalufhw9akrwgROXXebI5/NhLCeCX10KU+wiCk5Nmb6Wqalufhw9akrwgROU="}
{"nonce": "m9Lo9VP7/7zZD4Sm8ii8DQ==", "cipher": "7HF7uaR4HtuHQR/diVEu9ih7kbAbOzHksw/veHfM44/fR1mVhFp3v6V7P//MAn7FGiTdkjcbE4zGYoYcHriareVnbKyqalufhw9akrwgROUoF/OjGzsx77IQpCY+iamUmJhnbKyqalufhw9akrwgROU="}
{"nonce": "DSQhDR0MvGi6wwM7N0nhng==", "cipher": "7HF7uaR4HtuHQR/diVEu9o3G446IxuHRazwNHwuftWvZSVmVhFp3v6V7P//MAn7Fv5mrrKTmw7keUWR7YuvMSeNpb6Wqalufhw9akrwgROWNq4WaiMbh2mojRkFC2vh9np5pb6Wqalufhw9akrwgROU="}
{"nonce": "YVaVTrRqbeujbJpU3zygUw==", "cipher": "7HF7uaR4HtuHQR/diVEu9pZazl7iX5UxLddsxD3G4BPaQlmVhFp3v6V7P//MAn7FpAWCfM5/t1lYugWgVLKZMeBibKyqalufhw9akrwgROWWNqxN4l+VOizIJ5p0g60BnZ1ibKyqalufhw9akrwgROU="}
{"nonce": "ffj4aOUksAFGI6r8KkGKAQ==", "cipher": "7HF7uaR4HtuHQR/diVEu9pHxlde2zOKLVARj7kyZZIvdRVmVhFp3v6V7P//MAn7Fo67d9ZrswOMhaQqKJe0dqedlb6Wqalufhw9akrwgROWRnPPDtszigFUbKLAF3Cmcmpplb6Wqalufhw9akrwgROU="}
{"nonce": "qlkDbUFzw0LGQ3B7953Bqg==", "cipher": "7HF7uaR4HtuHQR/diVEu9mSZa5afGT5bdBzaDzSqvWTYRFmVhFp3v6V7P//MAn7FVsYntLM5HDMBcbNrXd7ERuJkbKyqalufhw9akrwgROVk9QmFnxk+UHUDkVF97/B3n59kbKyqalufhw9akrwgROU="}
{"nonce": "LG2HPUiGS9OTE7W0YnjqcA==", "cipher": "7HF7uaR4HtuHQR/diVEu9sWUSoLdZBw/IQ+j/FfQc9XVRFmVhFp3v6V7P//MAn7F98sCoPFEPldUYsqYPqQK9+9kb6Wqalufhw9akrwgROXF+SyW3WQcNCAQ6KIelT7BkpJkb6Wqalufhw9akrwgROU="}
{"nonce": "SeyAXxudlfVQKhnjmts2MQ==", "cipher": "7HF7uaR4HtuHQR/diVEu9pz0ixoJoqu70UaBKWE5RYvbRFmVhFp3v6V7P//MAn7FrqvDOCWCidOkK+hNCE08qeFkbKyqalufhw9akrwgROWcme0ACaKrsNBZyncofAvU4WRsrKpqW5+HD1qSvCBE5Q=="}
{"nonce": "YUwP2fiYuRAOipX1bRvEOQ==", "cipher": "7HF7uaR4HtuHQR/diVEu9pbcaLvx46DCRm6jrJ0A+IbcQ1mVhFp3v6V7P//MAn7FpIMkmd3DgqozA8rI9HSBpOZjb6Sqalufhw9akrwgROWWsAqq8eOgyUdx6PLURvzmY2+kqmpbn4cPWpK8IETl"}
{"nonce": "mN+tFYdN1E1QfyWep6wTwQ==", "cipher": "7HF7uaR4HtuHQR/diVEu9ug4wIgulvuV0RSEdi7hC73dRlmVhFp3v6V7P//MAn7F2meIqgK22f2kee0SR5Vyn+dmbKyqalufhw9akrwgROXoVaaSLpb7ntALzyhnpEri52ZsrKpqW5+HD1qSvCBE5Q=="}
{"nonce": "5cmLAgQ+u+XVL7EdhDWVhw==", "cipher": "7HF7uaR4HtuHQR/diVEu9re9SU3OSiC/sACnlu6EqyzbSVmVhFp3v6V7P//MAn7FheIFb+JqAtfFbc7yh/DSDuFpb6Sqalufhw9akrwgROW30StczkogtLEf7Minw6/haW+kqmpbn4cPWpK8IETl"}
{"nonce": "AYvs8/iwv+VA6jEFQmod3Q==", "cipher": "7HF7uaR4HtuHQR/diVEu9o4tkDHx6SG/1XGFkFZViL/dSVmVhFp3v6V7P//MAn7FvHLYE93JA9egHOz0PyHxnedpbKyqalufhw9akrwgROWOQPYr8ekhtNRuzs4fEMjg52lsrKpqW5+HD1qSvCBE5Q=="}
{"nonce": "DqaaHIQVNJ2GYSgueoFCng==", "cipher": "7HF7uaR4HtuHQR/diVEu9k1mDcrugMCsZJPBWlOqW2HeR1mVhFp3v6V7P//MAn7FfzlB6MKg4sQR/qg+Ot4iQ+RnbKyqalufhw9akrwgROVNCm/Z7oDAp2WMigQa6RU+5GdsrKpqW5+HD1qSvCBE5Q=="}
{"nonce": "RoVgxmkuZWmnpNSgSwGnDA==", "cipher": "7HF7uaR4HtuHQR/diVEu9l+us3yVTpSRLOL/+RqMIsTfQlmVhFp3v6V7P//MAn7FbfH7XrlutvlZj5adc/hb5uVib6Wqalufhw9akrwgROVfw9VrlU6Umi39tKdTwWib5WJvpapqW5+HD1qSvCBE5Q=="}
{"nonce": "zkAaQDrYHlQyF8mFCZFjog==", "cipher": "7HF7uaR4HtuHQR/diVEu9n3fLd1B80reSQ61sI6qHmbbRFmVhFp3v6V7P//MAn7FT4Bh/23TaLY8Y9zU595nROFkbKyqalufhw9akrwgROV9s0/OQfNK1UgR/u7H6V854WRsrKpqW5+HD1qSvCBE5Q=="}
{"nonce": "cL/jtSg8dRL0zjXNeDKiLg==", "cipher": "7HF7uaR4HtuHQR/diVEu9tIgU6DFypBP+HiLotZKZEfeQlmVhFp3v6V7P//MAn7F4H8bgunqsieNFeLGvz4dZeRib6Wqalufhw9akrwgROXSTTW3xcqQRPlnwPyfBykY5GJvpapqW5+HD1qSvCBE5Q=="}
{"nonce": "dYr+/XP9mzqjGTwuBg5aiQ==", "cipher": "7HF7uaR4HtuHQR/diVEu9pNtFLITuitFLYzCWk1LW6jdQlmVhFp3v6V7P//MAn7FoTJYkD+aCS1Y4as+JD8iiudibKyqalufhw9akrwgROWTAXahE7orTiyTiQQECBv352JsrKpqW5+HD1qSvCBE5Q=="}
{"nonce": "zmQqUtYKfmBPqAEEsxLFZw==", "cipher": "7HF7uaR4HtuHQR/diVEu9n3WIVl6R1LTFuCM0CtIthTUSVmVhFp3v6V7P//MAn7FT4lpe1ZncLtjjeW0QjzPNu5pb6Wqalufhw9akrwgROV9u0dOekdS2Bf/x45iBfpL7mlvpapqW5+HD1qSvCBE5Q=="}
{"nonce": "mW4wL3mEPpq+Kx1Ueu2myw==", "cipher": "7HF7uaR4HtuHQR/diVEu9qhUpwaR5EJvagWLxFOzZDTaRFmVhFp3v6V7P//MAn7FmgvrJL3EYAcfaOKgOscdFuBkb6Wqalufhw9akrwgROWoOcUdkeRCZGsawJoa9GDgZG+lqmpbn4cPWpK8IETl"}
{"nonce": "aJBd2TNjHVjH9zHBasTTLg==", "cipher": "7HF7uaR4HtuHQR/diVEu9tTr/LsDHYrfNDKHoVf/MkTYQVmVhFp3v6V7P//MAn7F5rS0mS89qLdBX+7FPotLZuJhb6Wqalufhw9akrwgROXUhpqvAx2K1DUtzP8eun8b4mFvpapqW5+HD1qSvCBE5Q=="}
{"nonce": "FhmXVVWL+MJm3mBZwsoz3A==", "cipher": "7HF7uaR4HtuHQR/diVEu9kuJTpiaJ/N5XHjQh3x+Bf7cRFmVhFp3v6V7P//MAn7FedYCurYH0REpFbnjFQp83OZkb6Wqalufhw9akrwgROVL5CyDmifzcl1nm9k1PgHmZG+lqmpbn4cPWpK8IETl"}
{"nonce": "QsbGYA6ID3TjUEpuLN1qqw==", "cipher": "7HF7uaR4HtuHQR/diVEu9l5+GtVM5w7UPdtVSsa9XCXVRVmVhFp3v6V7P//MAn7FbCFS92DHLLxItjwur8klB+9lb6Wqalufhw9akrwgROVeE3zBTOcO3zzEHhSP+BB672VvpapqW5+HD1qSvCBE5Q=="}
{"nonce": "k4zNWFjVXbxnmvp2ymtRTw==", "cipher": "7HF7uaR4HtuHQR/diVEu9irs2NvZsJrmHGhwTH4cmxvZRlmVhFp3v6V7P//MAn7FGLOU+fWQuI5pBRkoF2jiOeNmb6Wqalufhw9akrwgROUqgbrA2bCa7R13OxI3XZ/jZm+lqmpbn4cPWpK8IETl"}
{"nonce": "qElHrJqzmevUPTBIQZOIxg==", "cipher": "7HF7uaR4HtuHQR/diVEu9uSdeuZpKasz8IHBw5wr5XreQ1mVhFp3v6V7P//MAn7F1sIyxEUJiVuF7Kin9V+cWORjb6Wqalufhw9akrwgROXk8BzyaSmrOPGeip3Vbqol5GNvpapqW5+HD1qSvCBE5Q=="}
{"nonce": "5zTJoy14cWEiJYWO63PV5A==", "cipher": "7HF7uaR4HtuHQR/diVEu9jfC2SWE25GRTYercjEWsvTdSVmVhFp3v6V7P//MAn7FBZ2VB6j7s/k46sIWWGLL1udpb6Wqalufhw9akrwgROU3r7s+hNuRmkyY4Cx4VLbnaW+lqmpbn4cPWpK8IETl"}
{"nonce": "CMHIMRFjnl1bBruXwuyBXg==", "cipher": "7HF7uaR4HtuHQR/diVEu9sy/mYGLHWqeE08nNHzyrl3cQlmVhFp3v6V7P//MAn7F/uDRo6c9SPZmIk5QFYbXf+Zib6Wqalufhw9akrwgROXM0v+Wix1qlRJQbGo1t+AC5mJvpapqW5+HD1qSvCBE5Q=="}
{"nonce": "A4Ez2LUNAZMeIQTfn4GcpQ==", "cipher": "7HF7uaR4HtuHQR/diVEu9g6vZ/uiho0tQobHJi2u4KTeQFmVhFp3v6V7P//MAn7FPPAr2Y6mr0U3665CRNqZhuRgb6Wqalufhw9akrwgROUOwgXgooaNJkOZjHhk7eTkYG+lqmpbn4cPWpK8IETl"}
{"nonce": "px6qEiLiOkGhgCwfK4VHHQ==", "cipher": "7HF7uaR4HtuHQR/diVEu9idIAUlHfUOZre3EFgGvHIreSFmVhFp3v6V7P//MAn7FFRdJa2tdYfHYgK1yaNtlqORob6Wqalufhw9akrwgROUnJWdeR31Dkqzyj0hI6l3V5GhvpapqW5+HD1qSvCBE5Q=="}
{"nonce": "oJBkc2Lk3PtdjE0emozXUA==", "cipher": "7HF7uaR4HtuHQR/diVEu9ubrshFX/Po3ku6fVmzkPN/dR1mVhFp3v6V7P//MAn7F1LT+M3vc2F/ng/YyBZBF/ednb6Wqalufhw9akrwgROXmhtAKV/z6PJPx1AglqDjnZ2+lqmpbn4cPWpK8IETl"}
{"nonce": "C1+VApdh7mdDmP0mndcjdA==", "cipher": "7HF7uaR4HtuHQR/diVEu9gwYzk0qnXYQFeu0WKw+AdXaQlmVhFp3v6V7P//MAn7FPkeGbwa9VHhght08xUp49+Bib6Wqalufhw9akrwgROUMdahaKp12GxT0/wble0GK4GJvpapqW5+HD1qSvCBE5Q=="}
{"nonce": "5oG6N8oyX3/jLYUaYTDB9A==", "cipher": "7HF7uaR4HtuHQR/diVEu9nevBQB9SRoWPYapV5HAtvrZRFmVhFp3v6V7P//MAn7FRfBJIlFpOH5I68Az+LTP2ONkb6Wqalufhw9akrwgROV3wmcbfUkaHTyZ4gnYjbLjZG+lqmpbn4cPWpK8IETl"}
{"nonce": "bJJgiwJSnWP6Fkfsh1QXfQ==", "cipher": "7HF7uaR4HtuHQR/diVEu9tVrsy9PUaoRe0gW6irTCZnaSVmVhFp3v6V7P//MAn7F5zT7DWNxiHkOJX+OQ6dwu+Bpb6Sqalufhw9akrwgROXVBtU4T1GqGnpXXbRjlUDG4GlvpKpqW5+HD1qSvCBE5Q=="}
{"nonce": "8P5Al1u2688KANWVjTkU0w==", "cipher": "7HF7uaR4HtuHQR/diVEu9vJwuygZaDc6R8y7tKuByDPeQlmVhFp3v6V7P//MAn7FwC/3CjVIFVIyodLQwvWxEeRib6Wqalufhw9akrwgROXyHdkzGWg3MUbT8OrixIFs5GJvpapqW5+HD1qSvCBE5Q=="}
{"nonce": "RBxOY60eJbn1lDfDkRgoEw==", "cipher": "7HF7uaR4HtuHQR/diVEu9t/IOBWkQoSnuOkAIa7Mxg3bRFmVhFp3v6V7P//MAn7F7ZdwN4hips/NhGlFx7i/L+Fkb6Sqalufhw9akrwgROXfpV4CpEKErLn2S3/nio5S4WRvpKpqW5+HD1qSvCBE5Q=="}
{"nonce": "rFwjmMTVIZaDBmNuKUVVsA==", "cipher": "7HF7uaR4HtuHQR/diVEu9uXYY+v+sIRtJU4RSoCYn+rYRVmVhFp3v6V7P//MAn7F14crydKQpgVQI3gu6ezmyOJlb6eqalufhw9akrwgROXltQX6/rCEZiRRWhTJ3dHwn59lb6eqalufhw9akrwgROU="}
{"nonce": "mMoyoIkkvOFReHP3Sfb5Ng==", "cipher": "7HF7uaR4HtuHQR/diVEu9uh9J+WtzOOwkdEbLJh2t0XdRVmVhFp3v6V7P//MAn7F2iJrx4HswdjkvHJI8QLOZ+dlb6Sqalufhw9akrwgROXoEEX/rczju5DOUHLRM/hQmpplb6Sqalufhw9akrwgROU="}
{"nonce": "rMYk9tPD8Ny8iBG1PRHCBw==", "cipher": "7HF7uaR4HtuHQR/diVEu9uV+onA7NfD/6uyLvIaLdwzVSVmVhFp3v6V7P//MAn7F1yHqUhcV0pefgeLY7/8OLu9pb6eqalufhw9akrwgROXlE8RhOzXw9OvzwOLPzjkXkpJpb6eqalufhw9akrwgROU="}
{"nonce": "llcBGIqx/HUBdomDJ18+zQ==", "cipher": "7HF7uaR4HtuHQR/diVEu9msa68ttqfOVhVOvMQAYSbrcRlmVhFp3v6V7P//MAn7FWUWn6UGJ0f3wPsZVaWwwmOZmb6Sqalufhw9akrwgROVrd4nRbanznoRM5G9JXQagm5tmb6Sqalufhw9akrwgROU="}
{"nonce": "O9y2mko2liDe0izgPn90Zw==", "cipher": "7HF7uaR4HtuHQR/diVEu9gD4BmtdSGnAcnrA6UYV0h7cRlmVhFp3v6V7P//MAn7FMqdOSXFoS6gHF6mNL2GrPOZmb6eqalufhw9akrwgROUAlWB6XUhpy3Nli7cPUJMMm5tmb6eqalufhw9akrwgROU="}
{"nonce": "Cw5J8Cw6Idd0zTLI52VwFQ==", "cipher": "7HF7uaR4HtuHQR/diVEu9gxM+fHES4Q92L1F4zCR0ojbRFmVhFp3v6V7P//MAn7FPhO10+hrplWt0CyHWeWrquFkb6Sqalufhw9akrwgROUMIZvrxEuENtmiDr151J2TnJxkb6Sqalufhw9akrwgROU="}
{"nonce": "tnnkq8YaOw5PY/f4i7Cruw==", "cipher": "7HF7uaR4HtuHQR/diVEu9mORkid+QwJLFhY67yvqJSHcQlmVhFp3v6V7P//MAn7FUc7aBVJjICNje1OLQp5cA+Zib6eqalufhw9akrwgROVj/PQ2fkMCQBcJcbFir2Qym5tib6eqalufhw9akrwgROU="}
{"nonce": "9+nrBbNvOC3yd6TpQZmswA==", "cipher": "7HF7uaR4HtuHQR/diVEu9jO1UYwjHsWGeRLjq5iu7fndQFmVhFp3v6V7P//MAn7FAeodrg8+5+4Mf4rP8dqU2+dgb6eqalufhw9akrwgROUz2DOXIx7FjXgNqPXR66Sm52Bvp6pqW5+HD1qSvCBE5Q=="}
{"nonce": "EqDZ1mMbRXhbkpLR+aFOPg==", "cipher": "7HF7uaR4HtuHQR/diVEu9krn3XgXA5rTE2tspbCgVUPZSVmVhFp3v6V7P//MAn7FeLiVWjsjuLtmBgXB2dQsYeNpb6aqalufhw9akrwgROVKirtuFwOa2BJ0J/v54VHjaW+mqmpbn4cPWpK8IETl"}
{"nonce": "QrcUaAZZVWGBAVqykWGXdQ==", "cipher": "7HF7uaR4HtuHQR/diVEu9l4irtdOk56VpY9QfaOXLpffSVmVhFp3v6V7P//MAn7FbH3i9WKzvP3Q4jkZyuNXteVpb6eqalufhw9akrwgROVeT8zMTpOenqSQGyPq0mbI5Wlvp6pqW5+HD1qSvCBE5Q=="}
{"nonce": "6ON3DNycDRgKfwUxlLfNdA==", "cipher": "7HF7uaR4HtuHQR/diVEu9vQ3ds744ojLRxGPneslvdDVRlmVhFp3v6V7P//MAn7Fxmg+7NTCqqMyfOb5glHE8u9mb6aqalufhw9akrwgROX0WhDY+OKIwEYOxMOiZ7nvZm+mqmpbn4cPWpK8IETl"}
{"nonce": "dHC21uTmzOQE4uPo1ltgeQ==", "cipher": "7HF7uaR4HtuHQR/diVEu9tPTBnj2fPj0xHY0630e3pbfQ1mVhFp3v6V7P//MAn7F4YxKWtpc2pyxG12PFGqntOVjb6eqalufhw9akrwgROXTvmRj9nz4/8Vpf7U0W5XJ5WNvp6pqW5+HD1qSvCBE5Q=="}
{"nonce": "tJzhq3leh7+hZ/qDEVw7aQ==", "cipher": "7HF7uaR4HtuHQR/diVEu9uPo0yeRUioirRd0MYrfBJPfRFmVhFp3v6V7P//MAn7F0bebBb1yCErYeh1V46t9seVkb6aqalufhw9akrwgROXjhbUxkVIqKawIP2/DnADlZG+mqmpbn4cPWpK8IETl"}
{"nonce": "d3Lol2IviuRTj8AaO++ccg==", "cipher": "7HF7uaR4HtuHQR/diVEu9hNTkShXDmn0ES34VwY86lbaQ1mVhFp3v6V7P//MAn7FIQzdCnsuS5xkQJEzb0iTdOBjb6eqalufhw9akrwgROUTPvMzVw5p/xAyswlPeaAJ4GNvp6pqW5+HD1qSvCBE5Q=="}
{"nonce": "XRmLZJMET9G4y1YKOFEi4A==", "cipher": "7HF7uaR4HtuHQR/diVEu9pmJSdQrxBi56zxTU8CTR/XZQ1mVhFp3v6V7P//MAn7Fq9YB9gfkOtGeUTo3qec+1+Njb6aqalufhw9akrwgROWZ5C/CK8QYsuojGA2J30PjY2+mqmpbn4cPWpK8IETl"}
{"nonce": "6T3ugHzmj+jlKM9AnhHxEg==", "cipher": "7HF7uaR4HtuHQR/diVEu9rSAEO3QfCj3vMc9wW+Dsk3fSVmVhFp3v6V7P//MAn7Fht9cz/xcCp/JqlSlBvfLb+Vpb6eqalufhw9akrwgROW07XL20Hwo/L3Ydp8mxv8S5Wlvp6pqW5+HD1qSvCBE5Q=="}
{"nonce": "050EfCc+Kb6TF+KugPA/ww==", "cipher": "7HF7uaR4HtuHQR/diVEu9jqoqtIGSoFiIQh0eu70Bj7URVmVhFp3v6V7P//MAn7FCPfi8CpqowpUZR0eh4B/HO5lb6aqalufhw9akrwgROU6xczDBkqBaSAXPySnuQLuZW+mqmpbn4cPWpK8IETl"}
{"nonce": "rZyOyKDEPlQ1iR4XKwUQ6w==", "cipher": "7HF7uaR4HtuHQR/diVEu9qXoCP/n9ETYiK9NFAKGzD3VRFmVhFp3v6V7P//MAn7Fl7dE3cvUZrD9wiRwa/K1H+9kb6eqalufhw9akrwgROWlhWrk5/RE04mwBkpLw4Bi72Rvp6pqW5+HD1qSvCBE5Q=="}
{"nonce": "d16diRF5snwKUnQ6JW461w==", "cipher": "7HF7uaR4HtuHQR/diVEu9hNYzK+Lm2fSR1nVX4dTQzLaRVmVhFp3v6V7P//MAn7FIQeEjae7RboyNLw77ic6EOBlb6aqalufhw9akrwgROUTNaq+i5tn2UZGngHOFgpt4GVvpqpqW5+HD1qSvCBE5Q=="}
{"nonce": "7V+81jpL4aD4TjOC/XH3Wg==", "cipher": "7HF7uaR4HtuHQR/diVEu9rUYhHhBF7Pl+14KcbebMlzfRVmVhFp3v6V7P//MAn7Fh0fIWm03kY2OM2MV3u9LfuVlb6eqalufhw9akrwgROW1deZjQRez7vpBQS/+3n0D5WVvp6pqW5+HD1qSvCBE5Q=="}
{"nonce": "DjD8S230Wl6W3+fdQ3qGYw==", "cipher": "7HF7uaR4HtuHQR/diVEu9k3DlB+U+F1aYDs3ph5XZxPdSVmVhFp3v6V7P//MAn7Ff5zcPbjYfzIVVl7CdyMeMedpb6aqalufhw9akrwgROVNrvIJlPhdUWEkfPhXEi9M52lvpqpqW5+HD1qSvCBE5Q=="}
{"nonce": "RFM+VBWnV2S3UCR3cKP1aA==", "cipher": "7HF7uaR4HtuHQR/diVEu9t8bJNiKLB7UKNjFDNQvt9DVR1mVhFp3v6V7P//MAn7F7URo+qYMPLxdtaxovVvO8u9nb6eqalufhw9akrwgROXfdkbDiiwe3ynHjlKdavmP72dvp6pqW5+HD1qSvCBE5Q=="}
{"nonce": "PoUwHU4rz3kjOPtLphB4Jg==", "cipher": "7HF7uaR4HtuHQR/diVEu9kGup4pcDziTDcI0A2fM1UXVSFmVhFp3v6V7P//MAn7Fc/HvqHAvGvt4r11nDrisZ+9ob6aqalufhw9akrwgROVBw8GbXA84mAzdf10uiZ4a72hvpqpqW5+HD1qSvCBE5Q=="}
{"nonce": "1fJu118z+CA0EgdWhXiiJw==", "cipher": "7HF7uaR4HtuHQR/diVEu9rtzMDgYCfXFyEgJRKnZYQPYQFmVhFp3v6V7P//MAn7FiSx8GjQp1629JWAgwK0YIeJgb6eqalufhw9akrwgROW7HlIjGAn1zslXQhrgnCBc4mBvp6pqW5+HD1qSvCBE5Q=="}
{"nonce": "HmNheoIteVVtM5mZOtnYzw==", "cipher": "7HF7uaR4HtuHQR/diVEu9kkX81NvjpWYngCgt0C//z/bQVmVhFp3v6V7P//MAn7Fe0i7cUOut/DrbcnTKcuGHeFhb6aqalufhw9akrwgROVJepVFb46Vk58f6+kJ+rVg4WFvpqpqW5+HD1qSvCBE5Q=="}
{"nonce": "eDNM2W85F7/PtLbeB26ooA==", "cipher": "7HF7uaR4HtuHQR/diVEu9tADuLsUiw4iNuZjZglc4+XUR1mVhFp3v6V7P//MAn7F4lz0mTirLEpDiwoCYCiax+5nb6eqalufhw9akrwgROXQbtqgFIsOKTf5KDhAGaO67mdvp6pqW5+HD1qSvCBE5Q=="}
{"nonce": "wZY7C+aJ+kBkpu1RAn6kcA==", "cipher": "7HF7uaR4HtuHQR/diVEu9r5qZQ92p3Xd3GK3hU5X4dXbRFmVhFp3v6V7P//MAn7FjDUtLVqHV7WpD97hJyOY9+Fkb6aqalufhw9akrwgROW+BwMedqd11t19/NsHEqyK4WRvpqpqW5+HD1qSvCBE5Q=="}
{"nonce": "eFGCDI6Ust9IWpAatlEBGw==", "cipher": "7HF7uaR4HtuHQR/diVEu9tCbC85s4Gc6113sV2OciQ7ZRFmVhFp3v6V7P//MAn7F4sRD7EDARVKiMIUzCujwLONkb6aqalufhw9akrwgROXQ9m3fbOBnMdZCpwkq2cVR42RvpqpqW5+HD1qSvCBE5Q=="}
{"nonce": "1E5+od/Q7xqz2b31RxfStg==", "cipher": "7HF7uaR4HtuHQR/diVEu9vtcNKU48TBLKb2prBkCc2vYSVmVhFp3v6V7P//MAn7FyQN4hxTREiNc0MDIcHYKSeJpbKWqalufhw9akrwgROX7Nla3OPEwQCii4vJQRDo04mlspapqW5+HD1qSvCBE5Q=="}
{"nonce": "6+aPApL6Os2UcjvxdG7VRQ==", "cipher": "7HF7uaR4HtuHQR/diVEu9jR2SE1re0W+4FYArdNTvZrZRlmVhFp3v6V7P//MAn7FBikAb0dbZ9aVO2nJuifEuONmb6aqalufhw9akrwgROU0Gy5ca3tFteFJS/OaFvLF42ZvpqpqW5+HD1qSvCBE5Q=="}
{"nonce": "6aLRSH07dcCPVKHO3JTVOg==", "cipher": "7HF7uaR4HtuHQR/diVEu9rRn39+QC5b9Jt+kYv/ivUbZQVmVhFp3v6V7P//MAn7FhjiT/bwrtJVTss0GlpbEZONhb6aqalufhw9akrwgROW0C73NkAuW9ifA7zy2pPUZ42FvpqpqW5+HD1qSvCBE5Q=="}
{"nonce": "HfeAoT2xvKkkyaJ/6fyBmw==", "cipher": "7HF7uaR4HtuHQR/diVEu9okyi6WAqeSnzLhiDrT4ryrZRFmVhFp3v6V7P//MAn7Fu23Dh6yJxs+51Qtq3YzWCONkb6aqalufhw9akrwgROWJX+20gKnkrM2nKVD9veF142RvpqpqW5+HD1qSvCBE5Q=="}
{"nonce": "qD6az4aXSt0mqiSFWoNmFQ==", "cipher": "7HF7uaR4HtuHQR/diVEu9uRADT5uIFm6TGDBsF4nX4vZQVmVhFp3v6V7P//MAn7F1h9BHEIAe9I5DajUN1MmqeNhb6Gqalufhw9akrwgROXkLG8sbiBZsU1/iu4XYRTU42FvoapqW5+HD1qSvCBE5Q=="}
{"nonce": "XfnyTwJa3V2lq5dKLUAJeQ==", "cipher": "7HF7uaR4HtuHQR/diVEu9pmxFx5PU7yarCAjQ4XYhZLbQFmVhFp3v6V7P//MAn7Fq+5fPGNznvLZTUon7Kz8sOFgb6aqalufhw9akrwgROWZ3HEPT1O8ka0/aB3MncTN4WBvpqpqW5+HD1qSvCBE5Q=="}
{"nonce": "zFlmqL34OsiZ19NW/QViVQ==", "cipher": "7HF7uaR4HtuHQR/diVEu9v2ZMueg+0X+ozo6RLeHV5PaRFmVhFp3v6V7P//MAn7Fz8Z+xYzbZ5bWV1Mg3vMuseBkb6eqalufhw9akrwgROX99VD1oPtF9aIlcRr+wR3M4GRvp6pqW5+HD1qSvCBE5Q=="}
{"nonce": "NMvMquKlP00SqaEMCnsijA==", "cipher": "7HF7uaR4HtuHQR/diVEu9sM9mGd3rASYQaGm0kUTRO7YSFmVhFp3v6V7P//MAn7F8WLURVuMJvA0zM+2LGc9zOJob6Oqalufhw9akrwgROXDUfp1d6wEk0C+7YwMUwWx4mhvo6pqW5+HD1qSvCBE5Q=="}
{"nonce": "J6bZBapYVftuotvndf365A==", "cipher": "7HF7uaR4HtuHQR/diVEu9gdm3Yxl0541XmM6KJCxefDcRVmVhFp3v6V7P//MAn7FNTmVrknzvF0rDlNM+cUA0uZlb6Cqalufhw9akrwgROUHC7uaZdOePl98cXbZ8TSv5mVvoKpqW5+HD1qSvCBE5Q=="}
{"nonce": "OxmYL3KN20ro4iDU2AzpRw==", "cipher": "7HF7uaR4HtuHQR/diVEu9gCJjQZTpj1Z/3PC5PHOvRbbQVmVhFp3v6V7P//MAn7FMtbBJH+GHzGKHquAmLrENOFhb6yqalufhw9akrwgROUA5e8UU6Y9Uv5sibq4jv1J4WFvrKpqW5+HD1qSvCBE5Q=="}
{"nonce": "EORgshkP0m/dzzbUOuBMcw==", "cipher": "7HF7uaR4HtuHQR/diVEu9sr2s2GJBn8QsjhF5EP11RPYQ1mVhFp3v6V7P//MAn7F+Kn7Q6UmXXjHVSyAKoGsMeJjb6Cqalufhw9akrwgROXKm9V3iQZ/G7MnDroKtZlM4mNvoKpqW5+HD1qSvCBE5Q=="}
{"nonce": "JQF5vpKA2Tzubk/kTtu61A==", "cipher": "7HF7uaR4HtuHQR/diVEu9oeP9WJr5b3EflAV6FQ4YfzfR1mVhFp3v6V7P//MAn7FtdC5QEfFn6wLPXyMPUwY3uVnbqSqalufhw9akrwgROWH45dxa+W9z39PXrYdeSij5WdupKpqW5+HD1qSvCBE5Q=="}
{"nonce": "GZZj395g1dP1BfWDS7JT9w==", "cipher": "7HF7uaR4HtuHQR/diVEu9ohqczp43b4/uIuzMRxqGjTeRlmVhFp3v6V7P//MAn7FujU7GFT9nFfN5tpVdR5jFuRmb6Cqalufhw9akrwgROWIBxUseN2+NLmU+G9VKlVr5GZvoKpqW5+HD1qSvCBE5Q=="}
{"nonce": "wOK0bY8JmJtvNgHFUuIxYw==", "cipher": "7HF7uaR4HtuHQR/diVEu9v53hpYsh+0tHkeMoFN3ixLeR1mVhFp3v6V7P//MAn7FzCjKtACnz0VrKuXEOgPyMORnb6yqalufhw9akrwgROX+G+SFLIftJh9Yx/4aNsNN5GdvrKpqW5+HD1qSvCBE5Q=="}
{"nonce": "YYCp1uYbh9F9tjsc3Nu9qw==", "cipher": "7HF7uaR4HtuHQR/diVEu9pbvwXh2Ayq/mmcE1vkwoCfUR1mVhFp3v6V7P//MAn7FpLCJWlojCNfvCm2ykETZBe5nb6Gqalufhw9akrwgROWWgqdudgMqtJt4T4iwcO547mdvoapqW5+HD1qSvCBE5Q=="}
{"nonce": "Zr4gMNlduje9ruIz4wdHCQ==", "cipher": "7HF7uaR4HtuHQR/diVEu9ldgo8G5kmUGqmFwHT8PGIzfQFmVhFp3v6V7P//MAn7FZT/v45WyR27fDBl5VnthruVgb6yqalufhw9akrwgROVXDMHSuZJlDat+O0N2TlPT5WBvrKpqW5+HD1qSvCBE5Q=="}
{"nonce": "+WTxTVEJgd7f3AD80/DTFg==", "cipher": "7HF7uaR4HtuHQR/diVEu9rDW156bh6t8Mv3G7jr6PkPcRFmVhFp3v6V7P//MAn7FgomfvLeniRRHkK+KU45HYeZkb6Gqalufhw9akrwgROWwu7GIm4erdzPijbBzun8c5mRvoapqW5+HD1qSvCBE5Q=="}
{"nonce": "6dl9zFgjzqyWgoEOIsnNsA==", "cipher": "7HF7uaR4HtuHQR/diVEu9rS59P7ZDXjhYG+uUk+9teTfQVmVhFp3v6V7P//MAn7Fhua43PUtWokVAsc2JsnMxuVhbqWqalufhw9akrwgROW01Zbt2Q146mFw5QwG/P+75WFupapqW5+HD1qSvCBE5Q=="}
{"nonce": "mv3kctKELhN1LSSKIYZfrg==", "cipher": "7HF7uaR4HtuHQR/diVEu9miwklF75EAOmITFc4VuGmbcRVmVhFp3v6V7P//MAn7FWu/ac1fEYmbt6awX7BpjROZlb6Gqalufhw9akrwgROVo3fRHe+RABZmbji3MLlo55mVvoapqW5+HD1qSvCBE5Q=="}
{"nonce": "reOpwOtoakMiSnlriCOceg==", "cipher": "7HF7uaR4HtuHQR/diVEu9qU3wf0131EaTV2UC+UE61ncQ1mVhFp3v6V7P//MAn7Fl2iN3xn/c3I4MP1vjHCSe+Zjb6yqalufhw9akrwgROWlW6PuNd9REUxC31WsRaYG5mNvrKpqW5+HD1qSvCBE5Q=="}
{"nonce": "Es6x6XQZSe1745Y+MKsD8g==", "cipher": "7HF7uaR4HtuHQR/diVEu9kp8x7fSg5mxGzdtXsElCHDfRVmVhFp3v6V7P//MAn7FeCOPlf6ju9luWgQ6qFFxUuVlb6Gqalufhw9akrwgROVKEaGg0oOZuhooJgCIZEEv5WVvoapqW5+HD1qSvCBE5Q=="}
{"nonce": "LJcquGyQzmAzfCQfJb0w6w==", "cipher": "7HF7uaR4HtuHQR/diVEu9sUqIePU4XjSCdDPFo6hwj3cQVmVhFp3v6V7P//MAn7F93VtwfjBWrp8vaZy59W7H+Zhb6yqalufhw9akrwgROXFRkPw1OF42QjPhEjH4I5i5mFvrKpqW5+HD1qSvCBE5Q=="}
{"nonce": "R2t7eTSHGbaXYmBWOAGnPQ==", "cipher": "7HF7uaR4HtuHQR/diVEu9h8VdZPCJI1nIFbWRMCGJoXcRlmVhFp3v6V7P//MAn7FLUo9se4Erw9VO78gqfJfp+Zmb6Gqalufhw9akrwgROUfeBOEwiSNbCFJnRqJx27a5mZvoapqW5+HD1qSvCBE5Q=="}
{"nonce": "BSU5zxH7HxaMHjFsVV7qZw==", "cipher": "7HF7uaR4HtuHQR/diVEu9o+G5T6LOwxP5kmAypJZdxTcQlmVhFp3v6V7P//MAn7FvdmpHKcbLieTJOmu+y0ONuZib6Oqalufhw9akrwgROWP6octizsMROdWy5TbGDhL5mJvo6pqW5+HD1qSvCBE5Q=="}
{"nonce": "CV1jLigUjftEvq0egNKZMA==", "cipher": "7HF7uaR4HtuHQR/diVEu9oyYc0bFwKg01GGhVu17r8XVRlmVhFp3v6V7P//MAn7Fvsc7ZOngilyhDMgyhA/W5+9mb6Gqalufhw9akrwgROWM9RVRxcCoP9V+6gikOuSa72ZvoapqW5+HD1qSvCBE5Q=="}
{"nonce": "FM8PRgaYltA8ig1i/Yxdcg==", "cipher": "7HF7uaR4HtuHQR/diVEu9ss8aFxO427+ymyLSbjtmVrbSFmVhFp3v6V7P//MAn7F+WMkfmLDTJa/AeIt0ZngeOFob6Cqalufhw9akrwgROXLUApPTuNu9ctzwBfxrNcF4WhvoKpqW5+HD1qSvCBE5Q=="}
{"nonce": "IY1nFWXnHEvzbvu/qpgH7w==", "cipher": "7HF7uaR4HtuHQR/diVEu9oascoiWPMwYOVU4PmfpCTTdRlmVhFp3v6V7P//MAn7FtPM6qroc7nBMOFFaDp1wFudmb6Gqalufhw9akrwgROWGwRSfljzMEzhKc2AuqENr52ZvoapqW5+HD1qSvCBE5Q=="}
{"nonce": "m0n2nuYnnViROqRVhImOwg==", "cipher": "7HF7uaR4HtuHQR/diVEu9iidFmp2DKzcoUPnhOasaHzVQ1mVhFp3v6V7P//MAn7FGsJaSFosjrTULo7gj9gRXu9jb6Gqalufhw9akrwgROUo8XR5dgys16BcrNqv7Skj72NvoapqW5+HD1qSvCBE5Q=="}
{"nonce": "JKROfduOMbM7XNeKAC4F2Q==", "cipher": "7HF7uaR4HtuHQR/diVEu9sfmOJI5ZocmC9o5c85Nj7vZRFmVhFp3v6V7P//MAn7F9blwsBVGpU5+t1AXpzn2meNkb6Cqalufhw9akrwgROXHi16FOWaHLQrFci2HDMLk42RvoKpqW5+HD1qSvCBE5Q=="}
{"nonce": "cz6PDvWwGJohoxSeMrJBxQ==", "cipher": "7HF7uaR4HtuHQR/diVEu9hJASE6y6c1sjSXPdktimrjbR1mVhFp3v6V7P//MAn7FIB8EbJ7J7wT4SKYSIhbjmuFnb6Gqalufhw9akrwgROUSLCpdsunNZ4w6hCgCI9rn4WdvoapqW5+HD1qSvCBE5Q=="}
{"nonce": "P3rL1d9I1qMl6ouLASzL5w==", "cipher": "7HF7uaR4HtuHQR/diVEu9gFRWbg4134ijHcqM43FPTfdRVmVhFp3v6V7P//MAn7FMw4RmhT3XEr5GkNX5LFEFedlb6Cqalufhw9akrwgROUBPD+vONd+KY1oYW3EhHFo52VvoKpqW5+HD1qSvCBE5Q=="}
{"nonce": "HrJhhMhGLq7UGNgFgi3eiw==", "cipher": "7HF7uaR4HtuHQR/diVEu9klj8+z9VEBh8MvwkGeFfCvVQVmVhFp3v6V7P//MAn7Fezy/ztF0YgmFppn0DvEFCe9hb6aqalufhw9akrwgROVJD5H//VRAavHUu84uxzV072FvpqpqW5+HD1qSvCBE5Q=="}
{"nonce": "D7CmbTHEybuGBrYy+w4/oQ==", "cipher": "7HF7uaR4HtuHQR/diVEu9g3jApaD9LkkZE1jXTNMBaHVR1mVhFp3v6V7P//MAn7FP7xKtK/Um0wRIAo5Wjh8g+9nb6Gqalufhw9akrwgROUNjmSBg/S5L2VSKAN6DUr+72dvoapqW5+HD1qSvCBE5Q=="}
{"nonce": "zxoCrW0K3835y7eGhmgDaA==", "cipher": "7HF7uaR4HtuHQR/diVEu9j1JK6aURzy5uz4hcGbUB9zYQFmVhFp3v6V7P//MAn7FDxZnhLhnHtHOU0gUD6B+/uJgb6aqalufhw9akrwgROU9JUm1lEc8srohai4vlk+D4mBvpqpqW5+HD1qSvCBE5Q=="}
{"nonce": "Qo+utOHwSOJlOu6K+E/Mwg==", "cipher": "7HF7uaR4HtuHQR/diVEu9l4sAOC3+dlynEJxc/Mc+XrYQVmVhFp3v6V7P//MAn7FbHNIwpvZ+xrpLxgXmmiAWOJhb6Cqalufhw9akrwgROVeQWb3t/nZeZ1dOi26Xbcl4mFvoKpqW5+HD1qSvCBE5Q=="}
{"nonce": "rpIqpE0DFwYIQ/fRtUUIgA==", "cipher": "7HF7uaR4HtuHQR/diVEu9mVrIeScBQ5Lxxw1paqfxO7cR1mVhFp3v6V7P//MAn7FVzRtxrAlLCOycVzBw+u9zOZnb6aqalufhw9akrwgROVlB0P3nAUOQMYDfvvj3Y+x5mdvpqpqW5+HD1qSvCBE5Q=="}
{"nonce": "i85LJBuuy0sby4dpOLqFBA==", "cipher": "7HF7uaR4HtuHQR/diVEu9ix8ecQJbjkYAz4ni8Nhps/dRFmVhFp3v6V7P//MAn7FHiMx5iVOG3B2U07vqhXf7edkb6Cqalufhw9akrwgROUsER/TCW45EwIhbNWKIOeQ52RvoKpqW5+HD1qSvCBE5Q=="}
{"nonce": "8hTM2pMrxdWZiSbcKNTZoQ==", "cipher": "7HF7uaR4HtuHQR/diVEu9nLKmHsrD7q/o6lH5s37saLbQVmVhFp3v6V7P//MAn7FQJXUWQcvmNfWxC6CpI/IgOFhb6eqalufhw9akrwgROVypvpoKw+6tKK2DLiEufv94WFvp6pqW5+HD1qSvCBE5Q=="}
{"nonce": "tQI7OwR8M74CBXlBVfuuVg==", "cipher": "7HF7uaR4HtuHQR/diVEu9qNPZQPO2gdlRYqSgZgxYVvZQ1mVhFp3v6V7P//MAn7FkRAtIeL6JQ0w5/vl8UUYeeNjb6Cqalufhw9akrwgROWjIgMUztoHbkSV2d/RcCEE42NvoKpqW5+HD1qSvCBE5Q=="}
{"nonce": "KC3NZyfCT/tVRk9cA8Axdw==", "cipher": "7HF7uaR4HtuHQR/diVEu9sSE2BQGdRg0kFoZxgf+ihTYSFmVhFp3v6V7P//MAn7F9tuUNipVOlzlN3CiborzNuJob6eqalufhw9akrwgROXE6LoHBnUYP5FFUphOvMdL4mhvp6pqW5+HD1qSvCBE5Q=="}
{"nonce": "Z14TzDa/D9Fou15m2wtQSA==", "cipher": "7HF7uaR4HtuHQR/diVEu9hdYb/5CKgi+3yVfSDsM293cQFmVhFp3v6V7P//MAn7FJQcn3G4KKtaqSDYsUnii/+Zgb6Cqalufhw9akrwgROUXNQnpQioItd46FBZyTpKC5mBvoKpqW5+HD1qSvCBE5Q=="}
{"nonce": "xoVkMWCAig4F6wadXZCvEw==", "cipher": "7HF7uaR4HtuHQR/diVEu9n+usoHX5WlJhDFHtpDpIQ3dQ1mVhFp3v6V7P//MAn7FTfH+o/vFSyHxXC7S+Z1YL+djb6eqalufhw9akrwgROV/wtCS1+VpQoUuDOjZq21S52Nvp6pqW5+HD1qSvCBE5Q=="}
{"nonce": "Hb4f9YpxbW9LSr1wSrYgPQ==", "cipher": "7HF7uaR4HtuHQR/diVEu9olgbLBtmZARF1ihzV9iw4XVQVmVhFp3v6V7P//MAn7Fuz8kkkG5snliNcipNha6p+9hb6Cqalufhw9akrwgROWJDQqnbZmQGhZH6pMWIIva72FvoKpqW5+HD1qSvCBE5Q=="}
{"nonce": "VZhbIlHurh06uDAza9B95g==", "cipher": "7HF7uaR4HtuHQR/diVEu9pvpfUWbfmCNS+TAHR36mX7URVmVhFp3v6V7P//MAn7FqbYxZ7deQuU+ial5dI7gXO5lb6eqalufhw9akrwgROWbhR9Wm35ghkr7i0NUuNYh7mVvp6pqW5+HD1qSvCBE5Q=="}
{"nonce": "3LpiEAAtFf+05SjcGtSdfw==", "cipher": "7HF7uaR4HtuHQR/diVEu9vlhM8nPjo416LPA5kv6qxTcSVmVhFp3v6V7P//MAn7Fyz576+OurF2d3qmCIo7SNuZpb6Cqalufhw9akrwgROX5DFXez46OPumsi7gCuOBL5mlvoKpqW5+HD1qSvCBE5Q=="}
{"nonce": "VFLGN9uST1ll7BUEQymYUw==", "cipher": "7HF7uaR4HtuHQR/diVEu9ttbGgA5YRicnPGN0BeH6BLeRlmVhFp3v6V7P//MAn7F6QRWIhVBOvTpnOS0fvORMORmb6aqalufhw9akrwgROXbN3gTOWEYl53uxo5exaZN5GZvpqpqW5+HD1qSvCBE5Q=="}
{"nonce": "NUXOb0yt6jFJjH20jIu9ZQ==", "cipher": "7HF7uaR4HtuHQR/diVEu9oOeGBbcrnGGl+mZ/O4sqZTdQlmVhFp3v6V7P//MAn7FscFQNPCOU+7ihPCYh1jQtudib6Cqalufhw9akrwgROWD834B3K5xjZb20qKnbuPL52JvoKpqW5+HD1qSvCBE5Q=="}
{"nonce": "oVRGE5PRvSHvTUKgFTWgsw==", "cipher": "7HF7uaR4HtuHQR/diVEu9qbaOgkrsaSBPpxe+YKA5SbUSFmVhFp3v6V7P//MAn7FlIV2KweRhulL8Ted6/ScBO5ob6aqalufhw9akrwgROWmtlgaK7Gkij+DFafLwqR57mhvpqpqW5+HD1qSvCBE5Q=="}
{"nonce": "PRN/dW6+1ONtM5YkUy+l8A==", "cipher": "7HF7uaR4HtuHQR/diVEu9oELdJBUav4xngNp2BkFovLcQ1mVhFp3v6V7P//MAn7Fs1Q8snhK3FnrbgC8cHHb0OZjb6Cqalufhw9akrwgROWBZhKHVGr+Op8cIoZQR++t5mNvoKpqW5+HD1qSvCBE5Q=="}
{"nonce": "9grCVdiFNAjbeNRcgc65ZA==", "cipher": "7HF7uaR4HtuHQR/diVEu9nNNG5j5pMbLM9H/xqd+oNHbRlmVhFp3v6V7P//MAn7FQRJXutWE5KNGvJaizgrZ8+Fmb6Gqalufhw9akrwgROVzIXmL+aTGwDLOtJjuPOCO4WZvoapqW5+HD1qSvCBE5Q=="}
{"nonce": "QdphGFh4pApV3Z+t6nRiTA==", "cipher": "7HF7uaR4HtuHQR/diVEu9p5588vZ2+JLkLgvunfRX9XVRFmVhFp3v6V7P//MAn7FrCa76fX7wCPl1UbeHqUm9+9kb6Cqalufhw9akrwgROWeFJXc2dviQJGnZOQ+kxOK72RvoKpqW5+HD1qSvCBE5Q=="}
{"nonce": "ml4Yzlzvj6MeUU48SJfjuA==", "cipher": "7HF7uaR4HtuHQR/diVEu9mhYrX7YPighQptV3tUuN+PUQVmVhFp3v6V7P//MAn7FWgfhXPQeCkk39jy6vFpOwe5hb6Gqalufhw9akrwgROVoNM9t2D4oKkOEHoCcbX687mFvoapqW5+HD1qSvCBE5Q=="}
{"nonce": "86AVGBIrMGMh6bStE/sQdw==", "cipher": "7HF7uaR4HtuHQR/diVEu9jLn7stLD8cRjbTjugkzyhTVQlmVhFp3v6V7P//MAn7FALim6Wcv5Xn42YreYEezNu9ib6Cqalufhw9akrwgROUyiojcSw/HGoyrqORAcYVL72JvoKpqW5+HD1qSvCBE5Q=="}
{"nonce": "IG8+m2CnLPwJbdNN4NwMVA==", "cipher": "7HF7uaR4HtuHQR/diVEu9sYUJCvXLMD2h5U4gv/6yNPVQVmVhFp3v6V7P//MAn7F9EtoCfsM4p7y+FHmlo6x8e9hb6Gqalufhw9akrwgROXGeEY41yzA/YaKc9y2uYCM72FvoapqW5+HD1qSvCBE5Q=="}
{"nonce": "TVOmbJglr5fWM2VVNt6KbQ==", "cipher": "7HF7uaR4HtuHQR/diVEu9p0bAtbpjCAscAKThEB5bZDbSVmVhFp3v6V7P//MAn7Fr0RK9MWsAkQFb/rgKQ0UsuFpb6Cqalufhw9akrwgROWddmTB6YwgJ3Ed2NoJOyPP4WlvoKpqW5+HD1qSvCBE5Q=="}
{"nonce": "S1RPHcG6032pRLD5YhC/cg==", "cipher": "7HF7uaR4HtuHQR/diVEu9hzaeIq/az+Yr9vkr1fOIVHcSFmVhFp3v6V7P//MAn7FLoU0qJNLHfDato3LPrpYc+Zob6eqalufhw9akrwgROUcthqev2s/k67Er/EejiXmaG+nqmpbn4cPWpK8IETl"}
{"nonce": "OcK8XH3f6TkHYOAJnzxQOQ==", "cipher": "7HF7uaR4HtuHQR/diVEu9oB/hNqQMrGJBNLwkyjG0onYRVmVhFp3v6V7P//MAn7FsiDM+LwSk+Fxv5n3QbKrq+Jlb6Kqalufhw9akrwgROWAEuLLkDKxggXNu81hitbiZW+iqmpbn4cPWpK8IETl"}
{"nonce": "oOyHDBxEPhrlvcN5btSv+g==", "cipher": "7HF7uaR4HtuHQR/diVEu9ub0Ss7I1ERAvKA+j1T+InHbSVmVhFp3v6V7P//MAn7F1KsG7OT0ZijJzVfrPYpbU+Fpb6eqalufhw9akrwgROXmmCjayNRES72/ddEdvybhaW+nqmpbn4cPWpK8IETl"}
{"nonce": "JfiXF4fycGYbmBbhC4rSNg==", "cipher": "7HF7uaR4HtuHQR/diVEu9ofxTggueddfA+lLqQ1ofkHcSVmVhFp3v6V7P//MAn7Fta4GKgJZ9Td2hCLNZBwHY+Zpb6Kqalufhw9akrwgROWHnCgZLnnXVAL2APdEJXrmaW+iqmpbn4cPWpK8IETl"}
{"nonce": "NFXLFw9zg4ipd+uAXwcv0Q==", "cipher": "7HF7uaR4HtuHQR/diVEu9sOaWQgMGSvkrxIw8RgLDbnaR1mVhFp3v6V7P//MAn7F8cUVKiA5CYzaf1mVcX90m+Bnb6eqalufhw9akrwgROXD9jscDBkr764Ne69RSQngZ2+nqmpbn4cPWpK8IETl"}
{"nonce": "eZKhNWArx/QmVtOo5GhzNA==", "cipher": "7HF7uaR4HtuHQR/diVEu9pBrw4DXDzr7TFo++/bTEsDbR1mVhFp3v6V7P//MAn7FojSLovsvGJM5N1efn6dr4uFnb6Kqalufhw9akrwgROWQBqWR1w868E1FdaW/lluf4WdvoqpqW5+HD1qSvCBE5Q=="}
{"nonce": "qysqZjJo0MMZw44Ou8XS7Q==", "cipher": "7HF7uaR4HtuHQR/diVEu9iQFIVRD3/82gz9lUiG6fLXYRVmVhFp3v6V7P//MAn7FFlptdm//3V72Ugw2SM4Fl+Jlb6Sqalufhw9akrwgROUkaUNAQ9//PYIgLgxo+XjiZW+kqmpbn4cPWpK8IETl"}
{"nonce": "2KPQj7aTjkgot6fG/hlOAQ==", "cipher": "7HF7uaR4HtuHQR/diVEu9vgnny5iIWjUzyIvYHCMWYbVR1mVhFp3v6V7P//MAn7FynjXDE4BSry6T0YEGfggpO9nb6Kqalufhw9akrwgROX4Svk/YiFo3849ZD45yRHZ72dvoqpqW5+HD1qSvCBE5Q=="}
{"nonce": "rU4MDDmLmOC1Goe5+SbG4Q==", "cipher": "7HF7uaR4HtuHQR/diVEu9qVcqM6BJ+3+qEgtv7FDfrHfQlmVhFp3v6V7P//MAn7FlwPk7K0Hz5bdJUTb2DcHk+Vib6eqalufhw9akrwgROWlMMrZgSft9alXZuH4D3rlYm+nqmpbn4cPWpK8IETl"}
{"nonce": "4oeTTkJu8Inn8ldYdEDA9w==", "cipher": "7HF7uaR4HtuHQR/diVEu9nYuT15fXvekPHIZx9La9zXfSVmVhFp3v6V7P//MAn7FRHEHfHN+1cxJH3Cju66OF+Vpb6Kqalufhw9akrwgROV2QylPX173rz1tUpmbn7xq5WlvoqpqW5+HD1qSvCBE5Q=="}
{"nonce": "cxVnldVOHII10X058KLUDg==", "cipher": "7HF7uaR4HtuHQR/diVEu9hKKcqi6VsxmiLqXn/Ni/kndR1mVhFp3v6V7P//MAn7FINU+ipZ27g791/77mhaHa+dnb6eqalufhw9akrwgROUS5hC/ulbMbYml3MG6L/rnZ2+nqmpbn4cPWpK8IETl"}
{"nonce": "q3toD1kJpXEXMB+ZztCoXA==", "cipher": "7HF7uaR4HtuHQR/diVEu9iQRsQ6Zh6KaAMIPt3zz4tjURVmVhFp3v6V7P//MAn7FFk75LLWngPJ1r2bTFYeb+u5lb62qalufhw9akrwgROUkfNcfmYeikQHdROk1tqiH7mVvrapqW5+HD1qSvCBE5Q=="}
{"nonce": "dWHNj2DdCEFzmjym/gDgvg==", "cipher": "7HF7uaR4HtuHQR/diVEu9pOX2C7XssmWGWvBeHDL/mnUR1mVhFp3v6V7P//MAn7FociUDPuS6/5sBqgcGb+HS+5nb6aqalufhw9akrwgROWT+7o517LJnRh0iiY5jrc27mdvpqpqW5+HD1qSvCBE5Q=="}
{"nonce": "GzkF7DTgQ0uNTchDnmdEtA==", "cipher": "7HF7uaR4HtuHQR/diVEu9giB6vbC/RsUpp78AWgQ3uPYRVmVhFp3v6V7P//MAn7FOt6i1O7dOXzT85VlAWSnweJlb62qalufhw9akrwgROUI7Iznwv0bH6eBt18hVZO84mVvrapqW5+HD1qSvCBE5Q=="}
{"nonce": "nkgAsKi9vSzwg/qBXoJaAw==", "cipher": "7HF7uaR4HtuHQR/diVEu9mndq+HlqqTN+S10sVhqXAbdSVmVhFp3v6V7P//MAn7FW4Lnw8mKhqWMQB3VMR4lJOdpb6eqalufhw9akrwgROVpscn25aqkxvgyP+8RLxRZ52lvp6pqW5+HD1qSvCBE5Q=="}
{"nonce": "8aK+2EEtkOul8YalSnJKxg==", "cipher": "7HF7uaR4HtuHQR/diVEu9rJnBPufju88rLFruF1VX3nVR1mVhFp3v6V7P//MAn7FgDhM2bOuzVTZ3ALcNCEmW+9nb62qalufhw9akrwgROWyCmLqn47vN62uIOYUEBMm72dvrapqW5+HD1qSvCBE5Q=="}
{"nonce": "LT+IWHrrmD4DZVG7Q4IF7Q==", "cipher": "7HF7uaR4HtuHQR/diVEu9oUAidtRP+1JBZSSPx9qiLDfRlmVhFp3v6V7P//MAn7Ft1/F+X0fzyFw+ftbdh7xkuVmb6eqalufhw9akrwgROWFbOvMUT/tQgSL2WFWL8Pv5WZvp6pqW5+HD1qSvCBE5Q=="}
{"nonce": "TpXJ/mL28L+URtyM6GQ3Ow==", "cipher": "7HF7uaR4HtuHQR/diVEu9l2q2XJXePcp4Fzx8vXQBwPVSFmVhFp3v6V7P//MAn7Fb/WRUHtY1UGVMZiWnKR+Ie9ob62qalufhw9akrwgROVdx79jV3j3IuFDuqy8lUhc72hvrapqW5+HD1qSvCBE5Q=="}
{"nonce": "BpOI7zVfsOYeYrCIkyV1ag==", "cipher": "7HF7uaR4HtuHQR/diVEu9k8riTaCEud/QlTg8yuDlFXaQVmVhFp3v6V7P//MAn7FfXTFFK4yxRc3OYmXQvftd+Bhb6eqalufhw9akrwgROVPR+shghLndENLq61ixt4K4GFvp6pqW5+HD1qSvCBE5Q=="}
{"nonce": "8Qf32Tst7Vikms04MjDwSg==", "cipher": "7HF7uaR4HtuHQR/diVEu9rIOVrsBjrDQ7Gq/30PF8FnbQ1mVhFp3v6V7P//MAn7FgFEemS2ukriZB9a7KrGJe+Fjb6Kqalufhw9akrwgROWyYzCqAY6w2+119IEKgL4G4WNvoqpqW5+HD1qSvCBE5Q=="}
{"nonce": "rGkokgNay/d1FIisE2QByQ==", "cipher": "7HF7uaR4HtuHQR/diVEu9uWVoWkPUzk7mMnq+gvShr/URFmVhFp3v6V7P//MAn7F18rtSyNzG1PtpIOeYqb/ne5kb6eqalufhw9akrwgROXl+cN+D1M5MJnWoaRCl8vg7mRvp6pqW5+HD1qSvCBE5Q=="}
{"nonce": "0GF+w8k/Tsv+J3AtQW11kg==", "cipher": "7HF7uaR4HtuHQR/diVEu9vqXND29Clg0egXUmp+SkG7USVmVhFp3v6V7P//MAn7FyMh8H5EqelwPaL3+9ubpTO5pb6Kqalufhw9akrwgROX6+lIsvQpYP3san8TW19Ex7mlvoqpqW5+HD1qSvCBE5Q=="}
{"nonce": "X/0Rl9JQdAsqdb82f8lLHw==", "cipher": "7HF7uaR4HtuHQR/diVEu9hmw7yh70dYET5YhXBC4HAHcRlmVhFp3v6V7P//MAn7FK++jClfx9Gw6+0g4ecxlI+Zmb6eqalufhw9akrwgROUZ3I0/e9HWD06JagJZ/VBe5mZvp6pqW5+HD1qSvCBE5Q=="}
{"nonce": "vm2UMRsnEwb1+Gjev/u3xA==", "cipher": "7HF7uaR4HtuHQR/diVEu9mGUjoEJDA9HuPXUZiA3J/bVSFmVhFp3v6V7P//MAn7FU8vGoyUsLS/NmL0CSUNe1O9ob6Kqalufhw9akrwgROVh+eiQCQwPTLnqnzhpcmep72hvoqpqW5+HD1qSvCBE5Q=="}
{"nonce": "lnulnPbq140fLdKoB2GeXQ==", "cipher": "7HF7uaR4HtuHQR/diVEu9msRwupyfz6lAoB++w6Sap3ZR1mVhFp3v6V7P//MAn7FWU6OyF5fHM137RefZ+YTv+Nnb6eqalufhw9akrwgROVrfaD9cn8+rgOfNaVH1yXC42dvp6pqW5+HD1qSvCBE5Q=="}
{"nonce": "6/H6pqcnC/QQOczyclTDKA==", "cipher": "7HF7uaR4HtuHQR/diVEu9jSzFWQmDAn7wYX5bVPcPMTaRFmVhFp3v6V7P//MAn7FBuxdRgosK5O06JAJOqhF5uBkb62qalufhw9akrwgROU03nN1JgwJ8MCasjMamnWb4GRvrapqW5+HD1qSvCBE5Q=="}
{"nonce": "v+zX3+X2beBjOzPFZZ3SVw==", "cipher": "7HF7uaR4HtuHQR/diVEu9iH0Xjq2eJD+HQUKoJaufhjeQVmVhFp3v6V7P//MAn7FE6sSGJpYspZoaGPE/9oHOuRhb6eqalufhw9akrwgROUhmDwttniQ9RwaQf7f6zBH5GFvp6pqW5+HD1qSvCBE5Q=="}
{"nonce": "ZkjmZl/wgZ1UK7AVD0itXg==", "cipher": "7HF7uaR4HtuHQR/diVEu9lfdElQY+auh0AHqlAzbrF7aQFmVhFp3v6V7P//MAn7FZYJadjTZicmlbIPwZa/VfOBgb6Kqalufhw9akrwgROVXsHRFGPmrqtEeocpFneQB4GBvoqpqW5+HD1qSvCBE5Q=="}
{"nonce": "lxLTsI2MnaqC6qnzS6dNfA==", "cipher": "7HF7uaR4HtuHQR/diVEu9itLX+Gs5qxsZXCmLR0um9bbSVmVhFp3v6V7P//MAn7FGRQXw4DGjgQQHc9JdFri9OFpb6Kqalufhw9akrwgROUrJjnwrOasZ2Rv7XNUaNCJ4WlvoqpqW5+HD1qSvCBE5Q=="}
